<?xml version="1.0" encoding="UTF-8"?>
<!-- Generated by org.testng.reporters.JUnitXMLReporter -->
<testsuite ignored="1" hostname="Karishma-Barot-TH" failures="0" tests="1" name="TheraBodyAutomation" time="0.15" errors="0" timestamp="2024-04-09T11:19:37 IST">
  <testcase classname="base.Setup" name="@BeforeTest startAppiumServer" time="-1.712641777431E9">
    <failure type="org.testng.TestNGException" message="
Parameter &amp;apos;platform&amp;apos; is required by BeforeTest on method startAppiumServer but has not been marked @Optional or defined
in /Users/karishmabarot/Library/Caches/JetBrains/IdeaIC2022.3/temp-testng-customsuite.xml">
      <![CDATA[org.testng.TestNGException: 
Parameter 'platform' is required by BeforeTest on method startAppiumServer but has not been marked @Optional or defined
in /Users/karishmabarot/Library/Caches/JetBrains/IdeaIC2022.3/temp-testng-customsuite.xml
at com.intellij.rt.testng.IDEARemoteTestNG.run(IDEARemoteTestNG.java:66)
at com.intellij.rt.testng.RemoteTestNGStarter.main(RemoteTestNGStarter.java:109)
... Removed 18 stack frames]]>
    </failure>
  </testcase> <!-- @BeforeTest startAppiumServer -->
  <testcase classname="testCases.LoginTCs" name="@BeforeClass init" time="0.0">
    <skipped/>
  </testcase> <!-- @BeforeClass init -->
  <testcase classname="base.Setup" name="@AfterTest tearDown" time="0.0">
    <skipped/>
  </testcase> <!-- @AfterTest tearDown -->
  <testcase classname="testCases.LoginTCs" name="testLogin" time="0.0">
    <skipped/>
  </testcase> <!-- testLogin -->
  <testcase classname="testCases.LoginTCs" name="testIntroScreen" time="0.0">
    <ignored/>
  </testcase> <!-- testIntroScreen -->
</testsuite> <!-- TheraBodyAutomation -->
