<?xml version="1.0" encoding="UTF-8"?>
<!-- Generated by org.testng.reporters.JUnitXMLReporter -->
<testsuite ignored="4" hostname="Karishma-Barot-TH" failures="0" tests="17" name="Non BLE Flows" time="662.372" errors="0" timestamp="2024-03-28T16:52:27 IST">
  <testcase classname="testCases.LoginTCs" name="testIntroScreen" time="2.929"/>
  <testcase classname="testCases.LoginTCs" name="testLogin" time="24.292"/>
  <testcase classname="testCases.TheragunMiniTCs" name="testSelectDevice" time="27.449"/>
  <testcase classname="testCases.TheragunMiniTCs" name="testVerifyPairedDevice" time="20.695"/>
  <testcase classname="testCases.TheragunMiniTCs" name="testSaveRoutine" time="27.853"/>
  <testcase classname="testCases.TheragunMiniTCs" name="testForgetDevice" time="44.88"/>
  <testcase classname="testCases.WaveSeriesOtherRollerTCs" name="testPairOtherRollerDevice" time="33.647"/>
  <testcase classname="testCases.WaveSeriesOtherRollerTCs" name="testSelectRoutine" time="5.46"/>
  <testcase classname="testCases.WaveSeriesOtherRollerTCs" name="testStretchingStep" time="69.676"/>
  <testcase classname="testCases.WaveSeriesOtherRollerTCs" name="testBreakToggle" time="83.326"/>
  <testcase classname="testCases.WaveSeriesOtherRollerTCs" name="testNotConnectedMode" time="22.09"/>
  <testcase classname="testCases.WaveSeriesOtherRollerTCs" name="testPreferencesOnProfile" time="30.915"/>
  <testcase classname="testCases.WaveSeriesOtherRollerTCs" name="testTipForNonBLE" time="14.891"/>
  <testcase classname="testCases.WaveSeriesOtherRollerTCs" name="testRoutineCompletionForNonBLE" time="68.031"/>
  <testcase classname="testCases.WaveSeriesOtherRollerTCs" name="testSaveRoutineFromCompletionScreen" time="16.833"/>
  <testcase classname="testCases.WaveSeriesOtherRollerTCs" name="testUnSaveRoutineFromRoutineCompletionScreen" time="101.127"/>
  <testcase classname="testCases.WaveSeriesOtherRollerTCs" name="testForgetDevice" time="35.123"/>
  <testcase classname="base.Setup" name="@BeforeTest startAppiumServer" time="0.0">
    <ignored/>
  </testcase> <!-- @BeforeTest startAppiumServer -->
  <testcase classname="base.Setup" name="@BeforeTest startAppiumServer" time="0.0">
    <ignored/>
  </testcase> <!-- @BeforeTest startAppiumServer -->
  <testcase classname="base.Setup" name="@AfterTest tearDown" time="0.0">
    <ignored/>
  </testcase> <!-- @AfterTest tearDown -->
  <testcase classname="base.Setup" name="@AfterTest tearDown" time="0.0">
    <ignored/>
  </testcase> <!-- @AfterTest tearDown -->
</testsuite> <!-- Non BLE Flows -->
