<?xml version="1.0" encoding="UTF-8"?>
<!-- Generated by org.testng.reporters.JUnitXMLReporter -->
<testsuite ignored="2" hostname="Karishma-Barot-TH" failures="0" tests="17" name="Non BLE Flows by Device Name: Theragun G3" time="726.521" errors="0" timestamp="2024-04-09T17:51:52 IST">
  <testcase classname="testCases.LoginTCs" name="testIntroScreen" time="2.896"/>
  <testcase classname="testCases.LoginTCs" name="testLogin" time="23.931"/>
  <testcase classname="testCases.NonBLECommanTCs" name="testSkipOnboarding" time="4.51"/>
  <testcase classname="testCases.NonBLECommanTCs" name="testOpenDeviceManager" time="15.414"/>
  <testcase classname="testCases.NonBLECommanTCs" name="testPairDevice" time="47.492"/>
  <testcase classname="testCases.NonBLECommanTCs" name="testSelectRoutine" time="14.588"/>
  <testcase classname="testCases.NonBLECommanTCs" name="testStretchingStep" time="70.989"/>
  <testcase classname="testCases.NonBLECommanTCs" name="testBreakToggle" time="89.478"/>
  <testcase classname="testCases.NonBLECommanTCs" name="testNotConnectedMode" time="24.325"/>
  <testcase classname="testCases.NonBLECommanTCs" name="testPreferencesOnProfile" time="37.531"/>
  <testcase classname="testCases.NonBLECommanTCs" name="testTipForNonBLE" time="16.402"/>
  <testcase classname="testCases.NonBLECommanTCs" name="testRoutineCompletionForNonBLE" time="69.321"/>
  <testcase classname="testCases.NonBLECommanTCs" name="testSaveRoutineFromCompletionScreen" time="25.985"/>
  <testcase classname="testCases.NonBLECommanTCs" name="testUnSaveRoutineFromRoutineCompletionScreen" time="107.199"/>
  <testcase classname="testCases.NonBLECommanTCs" name="testSaveRoutineFromOverviewScreen" time="32.644"/>
  <testcase classname="testCases.NonBLECommanTCs" name="testUnSaveRoutineFromSavedTab" time="12.409"/>
  <testcase classname="testCases.NonBLECommanTCs" name="testForgetDevice" time="56.468"/>
  <testcase classname="base.Setup" name="@AfterTest tearDown" time="0.0">
    <ignored/>
  </testcase> <!-- @AfterTest tearDown -->
  <testcase classname="base.Setup" name="@BeforeTest startAppiumServer" time="0.0">
    <ignored/>
  </testcase> <!-- @BeforeTest startAppiumServer -->
</testsuite> <!-- Non BLE Flows by Device Name: Theragun G3 -->
