<?xml version="1.0" encoding="UTF-8"?>
<!-- Generated by org.testng.reporters.JUnitXMLReporter -->
<testsuite ignored="2" hostname="Karishma-Barot-TH" failures="0" tests="17" name="Non BLE Flows by Device Name: Theragun G2PROG1" time="406.481" errors="0" timestamp="2024-04-09T18:13:24 IST">
  <testcase classname="testCases.LoginTCs" name="testIntroScreen" time="4.759"/>
  <testcase classname="testCases.LoginTCs" name="testLogin" time="20.931"/>
  <testcase classname="testCases.NonBLECommanTCs" name="testSkipOnboarding" time="1.729"/>
  <testcase classname="testCases.NonBLECommanTCs" name="testOpenDeviceManager" time="4.475"/>
  <testcase classname="testCases.NonBLECommanTCs" name="testPairDevice" time="15.7"/>
  <testcase classname="testCases.NonBLECommanTCs" name="testSelectRoutine" time="5.153"/>
  <testcase classname="testCases.NonBLECommanTCs" name="testStretchingStep" time="61.087"/>
  <testcase classname="testCases.NonBLECommanTCs" name="testBreakToggle" time="60.399"/>
  <testcase classname="testCases.NonBLECommanTCs" name="testNotConnectedMode" time="5.768"/>
  <testcase classname="testCases.NonBLECommanTCs" name="testPreferencesOnProfile" time="12.866"/>
  <testcase classname="testCases.NonBLECommanTCs" name="testTipForNonBLE" time="4.958"/>
  <testcase classname="testCases.NonBLECommanTCs" name="testRoutineCompletionForNonBLE" time="59.733"/>
  <testcase classname="testCases.NonBLECommanTCs" name="testSaveRoutineFromCompletionScreen" time="9.448"/>
  <testcase classname="testCases.NonBLECommanTCs" name="testUnSaveRoutineFromRoutineCompletionScreen" time="76.309"/>
  <testcase classname="testCases.NonBLECommanTCs" name="testSaveRoutineFromOverviewScreen" time="10.317"/>
  <testcase classname="testCases.NonBLECommanTCs" name="testUnSaveRoutineFromSavedTab" time="5.673"/>
  <testcase classname="testCases.NonBLECommanTCs" name="testForgetDevice" time="11.458"/>
  <testcase classname="base.Setup" name="@AfterTest tearDown" time="0.0">
    <ignored/>
  </testcase> <!-- @AfterTest tearDown -->
  <testcase classname="base.Setup" name="@BeforeTest startAppiumServer" time="0.0">
    <ignored/>
  </testcase> <!-- @BeforeTest startAppiumServer -->
</testsuite> <!-- Non BLE Flows by Device Name: Theragun G2PROG1 -->
