<?xml version="1.0" encoding="UTF-8"?>
<!-- Generated by org.testng.reporters.JUnitXMLReporter -->
<testsuite ignored="4" hostname="Karishma-Barot-TH" failures="0" tests="10" name="Non BLE Flows by Device Name" time="288.821" errors="0" timestamp="2024-04-03T10:51:42 IST">
  <testcase classname="testCases.LoginTCs" name="testIntroScreen" time="5.575"/>
  <testcase classname="testCases.LoginTCs" name="testLogin" time="20.857"/>
  <testcase classname="testCases.NonBLECommanTCs" name="testSkipOnboarding" time="1.872"/>
  <testcase classname="testCases.NonBLECommanTCs" name="testOpenDeviceManager" time="4.109"/>
  <testcase classname="testCases.NonBLECommanTCs" name="testPairDevice" time="12.734"/>
  <testcase classname="testCases.WaveSeriesOtherRollerTCs" name="testTipForNonBLE" time="8.069"/>
  <testcase classname="testCases.WaveSeriesOtherRollerTCs" name="testRoutineCompletionForNonBLE" time="60.168"/>
  <testcase classname="testCases.WaveSeriesOtherRollerTCs" name="testSaveRoutineFromCompletionScreen" time="9.929"/>
  <testcase classname="testCases.WaveSeriesOtherRollerTCs" name="testUnSaveRoutineFromRoutineCompletionScreen" time="75.575"/>
  <testcase classname="testCases.WaveSeriesOtherRollerTCs" name="testForgetDevice" time="11.374"/>
  <testcase classname="base.Setup" name="@AfterTest tearDown" time="0.0">
    <ignored/>
  </testcase> <!-- @AfterTest tearDown -->
  <testcase classname="base.Setup" name="@AfterTest tearDown" time="0.0">
    <ignored/>
  </testcase> <!-- @AfterTest tearDown -->
  <testcase classname="base.Setup" name="@BeforeTest startAppiumServer" time="0.0">
    <ignored/>
  </testcase> <!-- @BeforeTest startAppiumServer -->
  <testcase classname="base.Setup" name="@BeforeTest startAppiumServer" time="0.0">
    <ignored/>
  </testcase> <!-- @BeforeTest startAppiumServer -->
</testsuite> <!-- Non BLE Flows by Device Name -->
