<?xml version="1.0" encoding="UTF-8"?>
<!-- Generated by org.testng.reporters.JUnitXMLReporter -->
<testsuite ignored="2" hostname="Karishma-Barot-TH" failures="0" tests="17" name="Non BLE Flows by Device Name: Roller" time="731.074" errors="0" timestamp="2024-04-04T17:57:35 IST">
  <testcase classname="testCases.LoginTCs" name="testIntroScreen" time="2.855"/>
  <testcase classname="testCases.LoginTCs" name="testLogin" time="23.694"/>
  <testcase classname="testCases.NonBLECommanTCs" name="testSkipOnboarding" time="4.313"/>
  <testcase classname="testCases.NonBLECommanTCs" name="testOpenDeviceManager" time="20.173"/>
  <testcase classname="testCases.NonBLECommanTCs" name="testPairDevice" time="113.285"/>
  <testcase classname="testCases.NonBLECommanTCs" name="testSelectRoutine" time="12.417"/>
  <testcase classname="testCases.NonBLECommanTCs" name="testStretchingStep" time="71.269"/>
  <testcase classname="testCases.NonBLECommanTCs" name="testBreakToggle" time="88.759"/>
  <testcase classname="testCases.NonBLECommanTCs" name="testNotConnectedMode" time="23.693"/>
  <testcase classname="testCases.NonBLECommanTCs" name="testPreferencesOnProfile" time="35.218"/>
  <testcase classname="testCases.NonBLECommanTCs" name="testTipForNonBLE" time="15.566"/>
  <testcase classname="testCases.NonBLECommanTCs" name="testRoutineCompletionForNonBLE" time="69.28"/>
  <testcase classname="testCases.NonBLECommanTCs" name="testSaveRoutineFromCompletionScreen" time="25.229"/>
  <testcase classname="testCases.NonBLECommanTCs" name="testUnSaveRoutineFromRoutineCompletionScreen" time="107.763"/>
  <testcase classname="testCases.NonBLECommanTCs" name="testSaveRoutineFromOverviewScreen" time="27.919"/>
  <testcase classname="testCases.NonBLECommanTCs" name="testUnSaveRoutineFromSavedTab" time="12.17"/>
  <testcase classname="testCases.NonBLECommanTCs" name="testForgetDevice" time="48.89"/>
  <testcase classname="base.Setup" name="@AfterTest tearDown" time="0.0">
    <ignored/>
  </testcase> <!-- @AfterTest tearDown -->
  <testcase classname="base.Setup" name="@BeforeTest startAppiumServer" time="0.0">
    <ignored/>
  </testcase> <!-- @BeforeTest startAppiumServer -->
</testsuite> <!-- Non BLE Flows by Device Name: Roller -->
