<?xml version="1.0" encoding="UTF-8"?>
<!-- Generated by org.testng.reporters.JUnitXMLReporter -->
<testsuite ignored="2" hostname="Karishma-Barot-TH" failures="0" tests="17" name="Non BLE Flows by Device Name: Theragun G3PRO" time="407.477" errors="0" timestamp="2024-04-10T10:58:50 IST">
  <testcase classname="testCases.LoginTCs" name="testIntroScreen" time="6.098"/>
  <testcase classname="testCases.LoginTCs" name="testLogin" time="21.509"/>
  <testcase classname="testCases.NonBLECommanTCs" name="testSkipOnboarding" time="1.606"/>
  <testcase classname="testCases.NonBLECommanTCs" name="testOpenDeviceManager" time="4.574"/>
  <testcase classname="testCases.NonBLECommanTCs" name="testPairDevice" time="14.999"/>
  <testcase classname="testCases.NonBLECommanTCs" name="testSelectRoutine" time="5.248"/>
  <testcase classname="testCases.NonBLECommanTCs" name="testStretchingStep" time="59.13"/>
  <testcase classname="testCases.NonBLECommanTCs" name="testBreakToggle" time="62.967"/>
  <testcase classname="testCases.NonBLECommanTCs" name="testNotConnectedMode" time="7.264"/>
  <testcase classname="testCases.NonBLECommanTCs" name="testPreferencesOnProfile" time="12.333"/>
  <testcase classname="testCases.NonBLECommanTCs" name="testTipForNonBLE" time="5.514"/>
  <testcase classname="testCases.NonBLECommanTCs" name="testRoutineCompletionForNonBLE" time="59.949"/>
  <testcase classname="testCases.NonBLECommanTCs" name="testSaveRoutineFromCompletionScreen" time="9.431"/>
  <testcase classname="testCases.NonBLECommanTCs" name="testUnSaveRoutineFromRoutineCompletionScreen" time="75.02"/>
  <testcase classname="testCases.NonBLECommanTCs" name="testSaveRoutineFromOverviewScreen" time="7.336"/>
  <testcase classname="testCases.NonBLECommanTCs" name="testUnSaveRoutineFromSavedTab" time="6.215"/>
  <testcase classname="testCases.NonBLECommanTCs" name="testForgetDevice" time="10.194"/>
  <testcase classname="base.Setup" name="@AfterTest tearDown" time="0.0">
    <ignored/>
  </testcase> <!-- @AfterTest tearDown -->
  <testcase classname="base.Setup" name="@BeforeTest startAppiumServer" time="0.0">
    <ignored/>
  </testcase> <!-- @BeforeTest startAppiumServer -->
</testsuite> <!-- Non BLE Flows by Device Name: Theragun G3PRO -->
