<?xml version="1.0" encoding="UTF-8"?>
<!-- Generated by org.testng.reporters.JUnitXMLReporter -->
<testsuite ignored="2" hostname="Karishma-Barot-TH" failures="0" tests="17" name="Non BLE Flows by Device Name: WaveSeries Roller" time="435.084" errors="0" timestamp="2024-04-05T11:38:00 IST">
  <testcase classname="testCases.LoginTCs" name="testIntroScreen" time="13.281"/>
  <testcase classname="testCases.LoginTCs" name="testLogin" time="22.389"/>
  <testcase classname="testCases.NonBLECommanTCs" name="testSkipOnboarding" time="0.585"/>
  <testcase classname="testCases.NonBLECommanTCs" name="testOpenDeviceManager" time="5.833"/>
  <testcase classname="testCases.NonBLECommanTCs" name="testPairDevice" time="12.262"/>
  <testcase classname="testCases.NonBLECommanTCs" name="testSelectRoutine" time="3.868"/>
  <testcase classname="testCases.NonBLECommanTCs" name="testStretchingStep" time="58.341"/>
  <testcase classname="testCases.NonBLECommanTCs" name="testBreakToggle" time="63.426"/>
  <testcase classname="testCases.NonBLECommanTCs" name="testNotConnectedMode" time="6.789"/>
  <testcase classname="testCases.NonBLECommanTCs" name="testPreferencesOnProfile" time="12.383"/>
  <testcase classname="testCases.NonBLECommanTCs" name="testTipForNonBLE" time="4.86"/>
  <testcase classname="testCases.NonBLECommanTCs" name="testRoutineCompletionForNonBLE" time="59.611"/>
  <testcase classname="testCases.NonBLECommanTCs" name="testSaveRoutineFromCompletionScreen" time="10.18"/>
  <testcase classname="testCases.NonBLECommanTCs" name="testUnSaveRoutineFromRoutineCompletionScreen" time="76.303"/>
  <testcase classname="testCases.NonBLECommanTCs" name="testSaveRoutineFromOverviewScreen" time="7.956"/>
  <testcase classname="testCases.NonBLECommanTCs" name="testUnSaveRoutineFromSavedTab" time="5.588"/>
  <testcase classname="testCases.NonBLECommanTCs" name="testForgetDevice" time="13.929"/>
  <testcase classname="base.Setup" name="@AfterTest tearDown" time="0.0">
    <ignored/>
  </testcase> <!-- @AfterTest tearDown -->
  <testcase classname="base.Setup" name="@BeforeTest startAppiumServer" time="0.0">
    <ignored/>
  </testcase> <!-- @BeforeTest startAppiumServer -->
</testsuite> <!-- Non BLE Flows by Device Name: WaveSeries Roller -->
