<?xml version="1.0" encoding="UTF-8"?>
<!-- Generated by org.testng.reporters.JUnitXMLReporter -->
<testsuite ignored="2" hostname="Karishma-Barot-TH" failures="11" tests="17" name="Non BLE Flows by Device Name: Theragun Mini" time="140.658" errors="0" timestamp="2024-04-09T17:33:11 IST">
  <testcase classname="testCases.LoginTCs" name="testIntroScreen" time="3.011"/>
  <testcase classname="testCases.LoginTCs" name="testLogin" time="20.573"/>
  <testcase classname="testCases.NonBLECommanTCs" name="testSkipOnboarding" time="0.731"/>
  <testcase classname="testCases.NonBLECommanTCs" name="testOpenDeviceManager" time="5.429"/>
  <testcase classname="testCases.NonBLECommanTCs" name="testPairDevice" time="12.873"/>
  <testcase classname="testCases.NonBLECommanTCs" name="testSelectRoutine" time="4.909"/>
  <testcase classname="testCases.NonBLECommanTCs" name="testStretchingStep" time="54.058">
    <failure type="org.openqa.selenium.WebDriverException" message="org.openqa.selenium.WebDriverException: An unknown server-side error occurred while processing the command. Original error: &amp;apos;POST /element&amp;apos; cannot be proxied to UiAutomator2 server because the instrumentation process is not running (probably crashed). Check the server log and/or the logcat output for more details
Build info: version: &amp;apos;4.16.1&amp;apos;, revision: &amp;apos;9b4c83354e&amp;apos;
System info: os.name: &amp;apos;Mac OS X&amp;apos;, os.arch: &amp;apos;x86_64&amp;apos;, os.version: &amp;apos;14.2&amp;apos;, java.version: &amp;apos;19.0.1&amp;apos;
Driver info: io.appium.java_client.android.AndroidDriver
Command: [1470c576-ef10-4a52-a361-aa7800c61836, findElement {using=xpath, value=/hierarchy/android.widget.FrameLayout/android.widget.LinearLayout/android.widget.FrameLayout/android.widget.LinearLayout/android.widget.FrameLayout/android.view.ViewGroup/android.widget.FrameLayout/android.widget.FrameLayout/android.view.ViewGroup/android.view.ViewGroup[4]/android.view.ViewGroup/android.widget.ImageView}]
Capabilities {appium:app: /Users/karishmabarot/Docume..., appium:appActivity: com.g4app.ui.MainActivity, appium:appPackage: com.g4app.dev, appium:autoGrantPermissions: true, appium:automationName: UIAutomator2, appium:databaseEnabled: false, appium:desired: {app: /Users/karishmabarot/Docume..., appActivity: com.g4app.ui.MainActivity, appPackage: com.g4app.dev, autoGrantPermissions: true, automationName: UIAutomator2, deviceName: Moto G31, fullReset: true, platformName: ANDROID, platformVersion: 11}, appium:deviceApiLevel: 30, appium:deviceManufacturer: motorola, appium:deviceModel: moto g31, appium:deviceName: ZD2223KXCX, appium:deviceScreenDensity: 420, appium:deviceScreenSize: 1080x2400, appium:deviceUDID: ZD2223KXCX, appium:fullReset: true, appium:javascriptEnabled: true, appium:locationContextEnabled: false, appium:networkConnectionEnabled: true, appium:pixelRatio: 2.625, appium:platformVersion: 11, appium:statBarHeight: 100, appium:takesScreenshot: true, appium:viewportRect: {height: 2300, left: 0, top: 100, width: 1080}, appium:warnings: {}, appium:webStorageEnabled: false, platformName: ANDROID}
Session ID: 1470c576-ef10-4a52-a361-aa7800c61836">
      <![CDATA[org.openqa.selenium.WebDriverException: org.openqa.selenium.WebDriverException: An unknown server-side error occurred while processing the command. Original error: 'POST /element' cannot be proxied to UiAutomator2 server because the instrumentation process is not running (probably crashed). Check the server log and/or the logcat output for more details
Build info: version: '4.16.1', revision: '9b4c83354e'
System info: os.name: 'Mac OS X', os.arch: 'x86_64', os.version: '14.2', java.version: '19.0.1'
Driver info: io.appium.java_client.android.AndroidDriver
Command: [1470c576-ef10-4a52-a361-aa7800c61836, findElement {using=xpath, value=/hierarchy/android.widget.FrameLayout/android.widget.LinearLayout/android.widget.FrameLayout/android.widget.LinearLayout/android.widget.FrameLayout/android.view.ViewGroup/android.widget.FrameLayout/android.widget.FrameLayout/android.view.ViewGroup/android.view.ViewGroup[4]/android.view.ViewGroup/android.widget.ImageView}]
Capabilities {appium:app: /Users/karishmabarot/Docume..., appium:appActivity: com.g4app.ui.MainActivity, appium:appPackage: com.g4app.dev, appium:autoGrantPermissions: true, appium:automationName: UIAutomator2, appium:databaseEnabled: false, appium:desired: {app: /Users/karishmabarot/Docume..., appActivity: com.g4app.ui.MainActivity, appPackage: com.g4app.dev, autoGrantPermissions: true, automationName: UIAutomator2, deviceName: Moto G31, fullReset: true, platformName: ANDROID, platformVersion: 11}, appium:deviceApiLevel: 30, appium:deviceManufacturer: motorola, appium:deviceModel: moto g31, appium:deviceName: ZD2223KXCX, appium:deviceScreenDensity: 420, appium:deviceScreenSize: 1080x2400, appium:deviceUDID: ZD2223KXCX, appium:fullReset: true, appium:javascriptEnabled: true, appium:locationContextEnabled: false, appium:networkConnectionEnabled: true, appium:pixelRatio: 2.625, appium:platformVersion: 11, appium:statBarHeight: 100, appium:takesScreenshot: true, appium:viewportRect: {height: 2300, left: 0, top: 100, width: 1080}, appium:warnings: {}, appium:webStorageEnabled: false, platformName: ANDROID}
Session ID: 1470c576-ef10-4a52-a361-aa7800c61836
at io.appium.java_client.pagefactory.AppiumElementLocator$WaitingFunction.apply(AppiumElementLocator.java:191)
at io.appium.java_client.pagefactory.AppiumElementLocator$WaitingFunction.apply(AppiumElementLocator.java:164)
at org.openqa.selenium.support.ui.FluentWait.until(FluentWait.java:204)
at io.appium.java_client.pagefactory.AppiumElementLocator.waitFor(AppiumElementLocator.java:98)
at io.appium.java_client.pagefactory.AppiumElementLocator.findElement(AppiumElementLocator.java:118)
at io.appium.java_client.pagefactory.interceptors.InterceptorOfASingleElement.call(InterceptorOfASingleElement.java:54)
at io.appium.java_client.proxy.Interceptor.intercept(Interceptor.java:75)
at org.openqa.selenium.remote.RemoteWebElement$ByteBuddy$2EiAxWz9.click(Unknown Source)
at pageFunctions.WaveSeriesSoloFunctions.routineStepStretching(WaveSeriesSoloFunctions.java:209)
at testCases.NonBLECommanTCs.testStretchingStep(NonBLECommanTCs.java:45)
at java.base/java.util.ArrayList.forEach(ArrayList.java:1511)
at com.intellij.rt.testng.IDEARemoteTestNG.run(IDEARemoteTestNG.java:66)
at com.intellij.rt.testng.RemoteTestNGStarter.main(RemoteTestNGStarter.java:109)
Caused by: org.openqa.selenium.WebDriverException: An unknown server-side error occurred while processing the command. Original error: 'POST /element' cannot be proxied to UiAutomator2 server because the instrumentation process is not running (probably crashed). Check the server log and/or the logcat output for more details
Build info: version: '4.16.1', revision: '9b4c83354e'
System info: os.name: 'Mac OS X', os.arch: 'x86_64', os.version: '14.2', java.version: '19.0.1'
Driver info: io.appium.java_client.android.AndroidDriver
Command: [1470c576-ef10-4a52-a361-aa7800c61836, findElement {using=xpath, value=/hierarchy/android.widget.FrameLayout/android.widget.LinearLayout/android.widget.FrameLayout/android.widget.LinearLayout/android.widget.FrameLayout/android.view.ViewGroup/android.widget.FrameLayout/android.widget.FrameLayout/android.view.ViewGroup/android.view.ViewGroup[4]/android.view.ViewGroup/android.widget.ImageView}]
Capabilities {appium:app: /Users/karishmabarot/Docume..., appium:appActivity: com.g4app.ui.MainActivity, appium:appPackage: com.g4app.dev, appium:autoGrantPermissions: true, appium:automationName: UIAutomator2, appium:databaseEnabled: false, appium:desired: {app: /Users/karishmabarot/Docume..., appActivity: com.g4app.ui.MainActivity, appPackage: com.g4app.dev, autoGrantPermissions: true, automationName: UIAutomator2, deviceName: Moto G31, fullReset: true, platformName: ANDROID, platformVersion: 11}, appium:deviceApiLevel: 30, appium:deviceManufacturer: motorola, appium:deviceModel: moto g31, appium:deviceName: ZD2223KXCX, appium:deviceScreenDensity: 420, appium:deviceScreenSize: 1080x2400, appium:deviceUDID: ZD2223KXCX, appium:fullReset: true, appium:javascriptEnabled: true, appium:locationContextEnabled: false, appium:networkConnectionEnabled: true, appium:pixelRatio: 2.625, appium:platformVersion: 11, appium:statBarHeight: 100, appium:takesScreenshot: true, appium:viewportRect: {height: 2300, left: 0, top: 100, width: 1080}, appium:warnings: {}, appium:webStorageEnabled: false, platformName: ANDROID}
Session ID: 1470c576-ef10-4a52-a361-aa7800c61836
at org.openqa.selenium.remote.codec.w3c.W3CHttpResponseCodec.createException(W3CHttpResponseCodec.java:200)
at org.openqa.selenium.remote.codec.w3c.W3CHttpResponseCodec.decode(W3CHttpResponseCodec.java:133)
at org.openqa.selenium.remote.codec.w3c.W3CHttpResponseCodec.decode(W3CHttpResponseCodec.java:52)
at org.openqa.selenium.remote.HttpCommandExecutor.execute(HttpCommandExecutor.java:191)
at io.appium.java_client.remote.AppiumCommandExecutor.execute(AppiumCommandExecutor.java:250)
at org.openqa.selenium.remote.RemoteWebDriver.execute(RemoteWebDriver.java:602)
at org.openqa.selenium.remote.ElementLocation$ElementFinder$2.findElement(ElementLocation.java:165)
at org.openqa.selenium.remote.ElementLocation.findElement(ElementLocation.java:59)
at org.openqa.selenium.remote.RemoteWebDriver.findElement(RemoteWebDriver.java:359)
at org.openqa.selenium.remote.RemoteWebDriver.findElement(RemoteWebDriver.java:353)
at io.appium.java_client.pagefactory.bys.builder.ByChained.lambda$getSearchingFunction$0(ByChained.java:41)
at org.openqa.selenium.support.ui.FluentWait.until(FluentWait.java:204)
at io.appium.java_client.pagefactory.bys.builder.ByChained.findElement(ByChained.java:75)
at org.openqa.selenium.remote.ElementLocation$ElementFinder$1.findElement(ElementLocation.java:139)
at org.openqa.selenium.remote.ElementLocation.findElement(ElementLocation.java:59)
at org.openqa.selenium.remote.RemoteWebDriver.findElement(RemoteWebDriver.java:359)
at org.openqa.selenium.remote.RemoteWebDriver.findElement(RemoteWebDriver.java:353)
at io.appium.java_client.pagefactory.bys.ContentMappedBy.findElement(ContentMappedBy.java:50)
at org.openqa.selenium.remote.ElementLocation$ElementFinder$1.findElement(ElementLocation.java:139)
at org.openqa.selenium.remote.ElementLocation.findElement(ElementLocation.java:59)
at org.openqa.selenium.remote.RemoteWebDriver.findElement(RemoteWebDriver.java:359)
at org.openqa.selenium.remote.RemoteWebDriver.findElement(RemoteWebDriver.java:353)
at io.appium.java_client.pagefactory.AppiumElementLocator.lambda$findElement$0(AppiumElementLocator.java:119)
at io.appium.java_client.pagefactory.AppiumElementLocator$WaitingFunction.apply(AppiumElementLocator.java:171)
... 34 more
... Removed 25 stack frames]]>
    </failure>
  </testcase> <!-- testStretchingStep -->
  <testcase classname="testCases.NonBLECommanTCs" name="testBreakToggle" time="0.234">
    <failure type="org.openqa.selenium.WebDriverException" message="org.openqa.selenium.WebDriverException: An unknown server-side error occurred while processing the command. Original error: &amp;apos;POST /element&amp;apos; cannot be proxied to UiAutomator2 server because the instrumentation process is not running (probably crashed). Check the server log and/or the logcat output for more details
Build info: version: &amp;apos;4.16.1&amp;apos;, revision: &amp;apos;9b4c83354e&amp;apos;
System info: os.name: &amp;apos;Mac OS X&amp;apos;, os.arch: &amp;apos;x86_64&amp;apos;, os.version: &amp;apos;14.2&amp;apos;, java.version: &amp;apos;19.0.1&amp;apos;
Driver info: io.appium.java_client.android.AndroidDriver
Command: [1470c576-ef10-4a52-a361-aa7800c61836, findElement {using=xpath, value=//android.widget.Button[@text=&amp;apos;Preferences&amp;apos;]}]
Capabilities {appium:app: /Users/karishmabarot/Docume..., appium:appActivity: com.g4app.ui.MainActivity, appium:appPackage: com.g4app.dev, appium:autoGrantPermissions: true, appium:automationName: UIAutomator2, appium:databaseEnabled: false, appium:desired: {app: /Users/karishmabarot/Docume..., appActivity: com.g4app.ui.MainActivity, appPackage: com.g4app.dev, autoGrantPermissions: true, automationName: UIAutomator2, deviceName: Moto G31, fullReset: true, platformName: ANDROID, platformVersion: 11}, appium:deviceApiLevel: 30, appium:deviceManufacturer: motorola, appium:deviceModel: moto g31, appium:deviceName: ZD2223KXCX, appium:deviceScreenDensity: 420, appium:deviceScreenSize: 1080x2400, appium:deviceUDID: ZD2223KXCX, appium:fullReset: true, appium:javascriptEnabled: true, appium:locationContextEnabled: false, appium:networkConnectionEnabled: true, appium:pixelRatio: 2.625, appium:platformVersion: 11, appium:statBarHeight: 100, appium:takesScreenshot: true, appium:viewportRect: {height: 2300, left: 0, top: 100, width: 1080}, appium:warnings: {}, appium:webStorageEnabled: false, platformName: ANDROID}
Session ID: 1470c576-ef10-4a52-a361-aa7800c61836">
      <![CDATA[org.openqa.selenium.WebDriverException: org.openqa.selenium.WebDriverException: An unknown server-side error occurred while processing the command. Original error: 'POST /element' cannot be proxied to UiAutomator2 server because the instrumentation process is not running (probably crashed). Check the server log and/or the logcat output for more details
Build info: version: '4.16.1', revision: '9b4c83354e'
System info: os.name: 'Mac OS X', os.arch: 'x86_64', os.version: '14.2', java.version: '19.0.1'
Driver info: io.appium.java_client.android.AndroidDriver
Command: [1470c576-ef10-4a52-a361-aa7800c61836, findElement {using=xpath, value=//android.widget.Button[@text='Preferences']}]
Capabilities {appium:app: /Users/karishmabarot/Docume..., appium:appActivity: com.g4app.ui.MainActivity, appium:appPackage: com.g4app.dev, appium:autoGrantPermissions: true, appium:automationName: UIAutomator2, appium:databaseEnabled: false, appium:desired: {app: /Users/karishmabarot/Docume..., appActivity: com.g4app.ui.MainActivity, appPackage: com.g4app.dev, autoGrantPermissions: true, automationName: UIAutomator2, deviceName: Moto G31, fullReset: true, platformName: ANDROID, platformVersion: 11}, appium:deviceApiLevel: 30, appium:deviceManufacturer: motorola, appium:deviceModel: moto g31, appium:deviceName: ZD2223KXCX, appium:deviceScreenDensity: 420, appium:deviceScreenSize: 1080x2400, appium:deviceUDID: ZD2223KXCX, appium:fullReset: true, appium:javascriptEnabled: true, appium:locationContextEnabled: false, appium:networkConnectionEnabled: true, appium:pixelRatio: 2.625, appium:platformVersion: 11, appium:statBarHeight: 100, appium:takesScreenshot: true, appium:viewportRect: {height: 2300, left: 0, top: 100, width: 1080}, appium:warnings: {}, appium:webStorageEnabled: false, platformName: ANDROID}
Session ID: 1470c576-ef10-4a52-a361-aa7800c61836
at io.appium.java_client.pagefactory.AppiumElementLocator$WaitingFunction.apply(AppiumElementLocator.java:191)
at io.appium.java_client.pagefactory.AppiumElementLocator$WaitingFunction.apply(AppiumElementLocator.java:164)
at org.openqa.selenium.support.ui.FluentWait.until(FluentWait.java:204)
at io.appium.java_client.pagefactory.AppiumElementLocator.waitFor(AppiumElementLocator.java:98)
at io.appium.java_client.pagefactory.AppiumElementLocator.findElement(AppiumElementLocator.java:118)
at io.appium.java_client.pagefactory.interceptors.InterceptorOfASingleElement.call(InterceptorOfASingleElement.java:54)
at io.appium.java_client.proxy.Interceptor.intercept(Interceptor.java:75)
at org.openqa.selenium.remote.RemoteWebElement$ByteBuddy$ODuqhWLt.getLocation(Unknown Source)
at base.Setup.getCenterCoordinates(Setup.java:170)
at pageFunctions.WaveSeriesSoloFunctions.addBreak(WaveSeriesSoloFunctions.java:258)
at testCases.NonBLECommanTCs.testBreakToggle(NonBLECommanTCs.java:50)
at java.base/java.util.ArrayList.forEach(ArrayList.java:1511)
at com.intellij.rt.testng.IDEARemoteTestNG.run(IDEARemoteTestNG.java:66)
at com.intellij.rt.testng.RemoteTestNGStarter.main(RemoteTestNGStarter.java:109)
Caused by: org.openqa.selenium.WebDriverException: An unknown server-side error occurred while processing the command. Original error: 'POST /element' cannot be proxied to UiAutomator2 server because the instrumentation process is not running (probably crashed). Check the server log and/or the logcat output for more details
Build info: version: '4.16.1', revision: '9b4c83354e'
System info: os.name: 'Mac OS X', os.arch: 'x86_64', os.version: '14.2', java.version: '19.0.1'
Driver info: io.appium.java_client.android.AndroidDriver
Command: [1470c576-ef10-4a52-a361-aa7800c61836, findElement {using=xpath, value=//android.widget.Button[@text='Preferences']}]
Capabilities {appium:app: /Users/karishmabarot/Docume..., appium:appActivity: com.g4app.ui.MainActivity, appium:appPackage: com.g4app.dev, appium:autoGrantPermissions: true, appium:automationName: UIAutomator2, appium:databaseEnabled: false, appium:desired: {app: /Users/karishmabarot/Docume..., appActivity: com.g4app.ui.MainActivity, appPackage: com.g4app.dev, autoGrantPermissions: true, automationName: UIAutomator2, deviceName: Moto G31, fullReset: true, platformName: ANDROID, platformVersion: 11}, appium:deviceApiLevel: 30, appium:deviceManufacturer: motorola, appium:deviceModel: moto g31, appium:deviceName: ZD2223KXCX, appium:deviceScreenDensity: 420, appium:deviceScreenSize: 1080x2400, appium:deviceUDID: ZD2223KXCX, appium:fullReset: true, appium:javascriptEnabled: true, appium:locationContextEnabled: false, appium:networkConnectionEnabled: true, appium:pixelRatio: 2.625, appium:platformVersion: 11, appium:statBarHeight: 100, appium:takesScreenshot: true, appium:viewportRect: {height: 2300, left: 0, top: 100, width: 1080}, appium:warnings: {}, appium:webStorageEnabled: false, platformName: ANDROID}
Session ID: 1470c576-ef10-4a52-a361-aa7800c61836
at org.openqa.selenium.remote.codec.w3c.W3CHttpResponseCodec.createException(W3CHttpResponseCodec.java:200)
at org.openqa.selenium.remote.codec.w3c.W3CHttpResponseCodec.decode(W3CHttpResponseCodec.java:133)
at org.openqa.selenium.remote.codec.w3c.W3CHttpResponseCodec.decode(W3CHttpResponseCodec.java:52)
at org.openqa.selenium.remote.HttpCommandExecutor.execute(HttpCommandExecutor.java:191)
at io.appium.java_client.remote.AppiumCommandExecutor.execute(AppiumCommandExecutor.java:250)
at org.openqa.selenium.remote.RemoteWebDriver.execute(RemoteWebDriver.java:602)
at org.openqa.selenium.remote.ElementLocation$ElementFinder$2.findElement(ElementLocation.java:165)
at org.openqa.selenium.remote.ElementLocation.findElement(ElementLocation.java:59)
at org.openqa.selenium.remote.RemoteWebDriver.findElement(RemoteWebDriver.java:359)
at org.openqa.selenium.remote.RemoteWebDriver.findElement(RemoteWebDriver.java:353)
at io.appium.java_client.pagefactory.bys.builder.ByChained.lambda$getSearchingFunction$0(ByChained.java:41)
at org.openqa.selenium.support.ui.FluentWait.until(FluentWait.java:204)
at io.appium.java_client.pagefactory.bys.builder.ByChained.findElement(ByChained.java:75)
at org.openqa.selenium.remote.ElementLocation$ElementFinder$1.findElement(ElementLocation.java:139)
at org.openqa.selenium.remote.ElementLocation.findElement(ElementLocation.java:59)
at org.openqa.selenium.remote.RemoteWebDriver.findElement(RemoteWebDriver.java:359)
at org.openqa.selenium.remote.RemoteWebDriver.findElement(RemoteWebDriver.java:353)
at io.appium.java_client.pagefactory.bys.ContentMappedBy.findElement(ContentMappedBy.java:50)
at org.openqa.selenium.remote.ElementLocation$ElementFinder$1.findElement(ElementLocation.java:139)
at org.openqa.selenium.remote.ElementLocation.findElement(ElementLocation.java:59)
at org.openqa.selenium.remote.RemoteWebDriver.findElement(RemoteWebDriver.java:359)
at org.openqa.selenium.remote.RemoteWebDriver.findElement(RemoteWebDriver.java:353)
at io.appium.java_client.pagefactory.AppiumElementLocator.lambda$findElement$0(AppiumElementLocator.java:119)
at io.appium.java_client.pagefactory.AppiumElementLocator$WaitingFunction.apply(AppiumElementLocator.java:171)
... 35 more
... Removed 25 stack frames]]>
    </failure>
  </testcase> <!-- testBreakToggle -->
  <testcase classname="testCases.NonBLECommanTCs" name="testNotConnectedMode" time="0.011">
    <failure type="org.openqa.selenium.WebDriverException" message="An unknown server-side error occurred while processing the command. Original error: &amp;apos;POST /element&amp;apos; cannot be proxied to UiAutomator2 server because the instrumentation process is not running (probably crashed). Check the server log and/or the logcat output for more details
Build info: version: &amp;apos;4.16.1&amp;apos;, revision: &amp;apos;9b4c83354e&amp;apos;
System info: os.name: &amp;apos;Mac OS X&amp;apos;, os.arch: &amp;apos;x86_64&amp;apos;, os.version: &amp;apos;14.2&amp;apos;, java.version: &amp;apos;19.0.1&amp;apos;
Driver info: io.appium.java_client.android.AndroidDriver
Command: [1470c576-ef10-4a52-a361-aa7800c61836, findElement {using=xpath, value=//android.widget.TextView[@text=&amp;apos;Bedtime Ritual - FOR QA ONLY&amp;apos;]}]
Capabilities {appium:app: /Users/karishmabarot/Docume..., appium:appActivity: com.g4app.ui.MainActivity, appium:appPackage: com.g4app.dev, appium:autoGrantPermissions: true, appium:automationName: UIAutomator2, appium:databaseEnabled: false, appium:desired: {app: /Users/karishmabarot/Docume..., appActivity: com.g4app.ui.MainActivity, appPackage: com.g4app.dev, autoGrantPermissions: true, automationName: UIAutomator2, deviceName: Moto G31, fullReset: true, platformName: ANDROID, platformVersion: 11}, appium:deviceApiLevel: 30, appium:deviceManufacturer: motorola, appium:deviceModel: moto g31, appium:deviceName: ZD2223KXCX, appium:deviceScreenDensity: 420, appium:deviceScreenSize: 1080x2400, appium:deviceUDID: ZD2223KXCX, appium:fullReset: true, appium:javascriptEnabled: true, appium:locationContextEnabled: false, appium:networkConnectionEnabled: true, appium:pixelRatio: 2.625, appium:platformVersion: 11, appium:statBarHeight: 100, appium:takesScreenshot: true, appium:viewportRect: {height: 2300, left: 0, top: 100, width: 1080}, appium:warnings: {}, appium:webStorageEnabled: false, platformName: ANDROID}
Session ID: 1470c576-ef10-4a52-a361-aa7800c61836">
      <![CDATA[org.openqa.selenium.WebDriverException: An unknown server-side error occurred while processing the command. Original error: 'POST /element' cannot be proxied to UiAutomator2 server because the instrumentation process is not running (probably crashed). Check the server log and/or the logcat output for more details
Build info: version: '4.16.1', revision: '9b4c83354e'
System info: os.name: 'Mac OS X', os.arch: 'x86_64', os.version: '14.2', java.version: '19.0.1'
Driver info: io.appium.java_client.android.AndroidDriver
Command: [1470c576-ef10-4a52-a361-aa7800c61836, findElement {using=xpath, value=//android.widget.TextView[@text='Bedtime Ritual - FOR QA ONLY']}]
Capabilities {appium:app: /Users/karishmabarot/Docume..., appium:appActivity: com.g4app.ui.MainActivity, appium:appPackage: com.g4app.dev, appium:autoGrantPermissions: true, appium:automationName: UIAutomator2, appium:databaseEnabled: false, appium:desired: {app: /Users/karishmabarot/Docume..., appActivity: com.g4app.ui.MainActivity, appPackage: com.g4app.dev, autoGrantPermissions: true, automationName: UIAutomator2, deviceName: Moto G31, fullReset: true, platformName: ANDROID, platformVersion: 11}, appium:deviceApiLevel: 30, appium:deviceManufacturer: motorola, appium:deviceModel: moto g31, appium:deviceName: ZD2223KXCX, appium:deviceScreenDensity: 420, appium:deviceScreenSize: 1080x2400, appium:deviceUDID: ZD2223KXCX, appium:fullReset: true, appium:javascriptEnabled: true, appium:locationContextEnabled: false, appium:networkConnectionEnabled: true, appium:pixelRatio: 2.625, appium:platformVersion: 11, appium:statBarHeight: 100, appium:takesScreenshot: true, appium:viewportRect: {height: 2300, left: 0, top: 100, width: 1080}, appium:warnings: {}, appium:webStorageEnabled: false, platformName: ANDROID}
Session ID: 1470c576-ef10-4a52-a361-aa7800c61836
at org.openqa.selenium.remote.codec.w3c.W3CHttpResponseCodec.createException(W3CHttpResponseCodec.java:200)
at org.openqa.selenium.remote.codec.w3c.W3CHttpResponseCodec.decode(W3CHttpResponseCodec.java:133)
at org.openqa.selenium.remote.codec.w3c.W3CHttpResponseCodec.decode(W3CHttpResponseCodec.java:52)
at org.openqa.selenium.remote.HttpCommandExecutor.execute(HttpCommandExecutor.java:191)
at io.appium.java_client.remote.AppiumCommandExecutor.execute(AppiumCommandExecutor.java:250)
at org.openqa.selenium.remote.RemoteWebDriver.execute(RemoteWebDriver.java:602)
at org.openqa.selenium.remote.ElementLocation$ElementFinder$2.findElement(ElementLocation.java:165)
at org.openqa.selenium.remote.ElementLocation.findElement(ElementLocation.java:59)
at org.openqa.selenium.remote.RemoteWebDriver.findElement(RemoteWebDriver.java:359)
at org.openqa.selenium.remote.RemoteWebDriver.findElement(RemoteWebDriver.java:353)
at pageObjects.WaveSeriesOtherRollerObjects.getRoutineName(WaveSeriesOtherRollerObjects.java:40)
at pageFunctions.WaveSeriesOtherRollerFunctions.selectRoutine(WaveSeriesOtherRollerFunctions.java:57)
at pageFunctions.WaveSeriesOtherRollerFunctions.notConnectedMode(WaveSeriesOtherRollerFunctions.java:66)
at testCases.NonBLECommanTCs.testNotConnectedMode(NonBLECommanTCs.java:55)
at java.base/java.util.ArrayList.forEach(ArrayList.java:1511)
at com.intellij.rt.testng.IDEARemoteTestNG.run(IDEARemoteTestNG.java:66)
at com.intellij.rt.testng.RemoteTestNGStarter.main(RemoteTestNGStarter.java:109)
... Removed 25 stack frames]]>
    </failure>
  </testcase> <!-- testNotConnectedMode -->
  <testcase classname="testCases.NonBLECommanTCs" name="testPreferencesOnProfile" time="0.016">
    <failure type="org.openqa.selenium.WebDriverException" message="org.openqa.selenium.WebDriverException: An unknown server-side error occurred while processing the command. Original error: &amp;apos;POST /element&amp;apos; cannot be proxied to UiAutomator2 server because the instrumentation process is not running (probably crashed). Check the server log and/or the logcat output for more details
Build info: version: &amp;apos;4.16.1&amp;apos;, revision: &amp;apos;9b4c83354e&amp;apos;
System info: os.name: &amp;apos;Mac OS X&amp;apos;, os.arch: &amp;apos;x86_64&amp;apos;, os.version: &amp;apos;14.2&amp;apos;, java.version: &amp;apos;19.0.1&amp;apos;
Driver info: io.appium.java_client.android.AndroidDriver
Command: [1470c576-ef10-4a52-a361-aa7800c61836, findElement {using=xpath, value=//android.widget.FrameLayout[@content-desc=&amp;quot;Profile&amp;quot;]/android.widget.FrameLayout/android.widget.ImageView}]
Capabilities {appium:app: /Users/karishmabarot/Docume..., appium:appActivity: com.g4app.ui.MainActivity, appium:appPackage: com.g4app.dev, appium:autoGrantPermissions: true, appium:automationName: UIAutomator2, appium:databaseEnabled: false, appium:desired: {app: /Users/karishmabarot/Docume..., appActivity: com.g4app.ui.MainActivity, appPackage: com.g4app.dev, autoGrantPermissions: true, automationName: UIAutomator2, deviceName: Moto G31, fullReset: true, platformName: ANDROID, platformVersion: 11}, appium:deviceApiLevel: 30, appium:deviceManufacturer: motorola, appium:deviceModel: moto g31, appium:deviceName: ZD2223KXCX, appium:deviceScreenDensity: 420, appium:deviceScreenSize: 1080x2400, appium:deviceUDID: ZD2223KXCX, appium:fullReset: true, appium:javascriptEnabled: true, appium:locationContextEnabled: false, appium:networkConnectionEnabled: true, appium:pixelRatio: 2.625, appium:platformVersion: 11, appium:statBarHeight: 100, appium:takesScreenshot: true, appium:viewportRect: {height: 2300, left: 0, top: 100, width: 1080}, appium:warnings: {}, appium:webStorageEnabled: false, platformName: ANDROID}
Session ID: 1470c576-ef10-4a52-a361-aa7800c61836">
      <![CDATA[org.openqa.selenium.WebDriverException: org.openqa.selenium.WebDriverException: An unknown server-side error occurred while processing the command. Original error: 'POST /element' cannot be proxied to UiAutomator2 server because the instrumentation process is not running (probably crashed). Check the server log and/or the logcat output for more details
Build info: version: '4.16.1', revision: '9b4c83354e'
System info: os.name: 'Mac OS X', os.arch: 'x86_64', os.version: '14.2', java.version: '19.0.1'
Driver info: io.appium.java_client.android.AndroidDriver
Command: [1470c576-ef10-4a52-a361-aa7800c61836, findElement {using=xpath, value=//android.widget.FrameLayout[@content-desc="Profile"]/android.widget.FrameLayout/android.widget.ImageView}]
Capabilities {appium:app: /Users/karishmabarot/Docume..., appium:appActivity: com.g4app.ui.MainActivity, appium:appPackage: com.g4app.dev, appium:autoGrantPermissions: true, appium:automationName: UIAutomator2, appium:databaseEnabled: false, appium:desired: {app: /Users/karishmabarot/Docume..., appActivity: com.g4app.ui.MainActivity, appPackage: com.g4app.dev, autoGrantPermissions: true, automationName: UIAutomator2, deviceName: Moto G31, fullReset: true, platformName: ANDROID, platformVersion: 11}, appium:deviceApiLevel: 30, appium:deviceManufacturer: motorola, appium:deviceModel: moto g31, appium:deviceName: ZD2223KXCX, appium:deviceScreenDensity: 420, appium:deviceScreenSize: 1080x2400, appium:deviceUDID: ZD2223KXCX, appium:fullReset: true, appium:javascriptEnabled: true, appium:locationContextEnabled: false, appium:networkConnectionEnabled: true, appium:pixelRatio: 2.625, appium:platformVersion: 11, appium:statBarHeight: 100, appium:takesScreenshot: true, appium:viewportRect: {height: 2300, left: 0, top: 100, width: 1080}, appium:warnings: {}, appium:webStorageEnabled: false, platformName: ANDROID}
Session ID: 1470c576-ef10-4a52-a361-aa7800c61836
at io.appium.java_client.pagefactory.AppiumElementLocator$WaitingFunction.apply(AppiumElementLocator.java:191)
at io.appium.java_client.pagefactory.AppiumElementLocator$WaitingFunction.apply(AppiumElementLocator.java:164)
at org.openqa.selenium.support.ui.FluentWait.until(FluentWait.java:204)
at io.appium.java_client.pagefactory.AppiumElementLocator.waitFor(AppiumElementLocator.java:98)
at io.appium.java_client.pagefactory.AppiumElementLocator.findElement(AppiumElementLocator.java:118)
at io.appium.java_client.pagefactory.interceptors.InterceptorOfASingleElement.call(InterceptorOfASingleElement.java:54)
at io.appium.java_client.proxy.Interceptor.intercept(Interceptor.java:75)
at org.openqa.selenium.remote.RemoteWebElement$ByteBuddy$HrvXuJ8p.isDisplayed(Unknown Source)
at org.openqa.selenium.support.ui.ExpectedConditions.elementIfVisible(ExpectedConditions.java:304)
at org.openqa.selenium.support.ui.ExpectedConditions$10.apply(ExpectedConditions.java:290)
at org.openqa.selenium.support.ui.ExpectedConditions$10.apply(ExpectedConditions.java:287)
at org.openqa.selenium.support.ui.ExpectedConditions$23.apply(ExpectedConditions.java:656)
at org.openqa.selenium.support.ui.ExpectedConditions$23.apply(ExpectedConditions.java:652)
at org.openqa.selenium.support.ui.FluentWait.until(FluentWait.java:204)
at base.Setup.waitForElementClickAbility(Setup.java:139)
at pageFunctions.WaveSeriesOtherRollerFunctions.preferencesOnProfile(WaveSeriesOtherRollerFunctions.java:83)
at testCases.NonBLECommanTCs.testPreferencesOnProfile(NonBLECommanTCs.java:60)
at java.base/java.util.ArrayList.forEach(ArrayList.java:1511)
at com.intellij.rt.testng.IDEARemoteTestNG.run(IDEARemoteTestNG.java:66)
at com.intellij.rt.testng.RemoteTestNGStarter.main(RemoteTestNGStarter.java:109)
Caused by: org.openqa.selenium.WebDriverException: An unknown server-side error occurred while processing the command. Original error: 'POST /element' cannot be proxied to UiAutomator2 server because the instrumentation process is not running (probably crashed). Check the server log and/or the logcat output for more details
Build info: version: '4.16.1', revision: '9b4c83354e'
System info: os.name: 'Mac OS X', os.arch: 'x86_64', os.version: '14.2', java.version: '19.0.1'
Driver info: io.appium.java_client.android.AndroidDriver
Command: [1470c576-ef10-4a52-a361-aa7800c61836, findElement {using=xpath, value=//android.widget.FrameLayout[@content-desc="Profile"]/android.widget.FrameLayout/android.widget.ImageView}]
Capabilities {appium:app: /Users/karishmabarot/Docume..., appium:appActivity: com.g4app.ui.MainActivity, appium:appPackage: com.g4app.dev, appium:autoGrantPermissions: true, appium:automationName: UIAutomator2, appium:databaseEnabled: false, appium:desired: {app: /Users/karishmabarot/Docume..., appActivity: com.g4app.ui.MainActivity, appPackage: com.g4app.dev, autoGrantPermissions: true, automationName: UIAutomator2, deviceName: Moto G31, fullReset: true, platformName: ANDROID, platformVersion: 11}, appium:deviceApiLevel: 30, appium:deviceManufacturer: motorola, appium:deviceModel: moto g31, appium:deviceName: ZD2223KXCX, appium:deviceScreenDensity: 420, appium:deviceScreenSize: 1080x2400, appium:deviceUDID: ZD2223KXCX, appium:fullReset: true, appium:javascriptEnabled: true, appium:locationContextEnabled: false, appium:networkConnectionEnabled: true, appium:pixelRatio: 2.625, appium:platformVersion: 11, appium:statBarHeight: 100, appium:takesScreenshot: true, appium:viewportRect: {height: 2300, left: 0, top: 100, width: 1080}, appium:warnings: {}, appium:webStorageEnabled: false, platformName: ANDROID}
Session ID: 1470c576-ef10-4a52-a361-aa7800c61836
at org.openqa.selenium.remote.codec.w3c.W3CHttpResponseCodec.createException(W3CHttpResponseCodec.java:200)
at org.openqa.selenium.remote.codec.w3c.W3CHttpResponseCodec.decode(W3CHttpResponseCodec.java:133)
at org.openqa.selenium.remote.codec.w3c.W3CHttpResponseCodec.decode(W3CHttpResponseCodec.java:52)
at org.openqa.selenium.remote.HttpCommandExecutor.execute(HttpCommandExecutor.java:191)
at io.appium.java_client.remote.AppiumCommandExecutor.execute(AppiumCommandExecutor.java:250)
at org.openqa.selenium.remote.RemoteWebDriver.execute(RemoteWebDriver.java:602)
at org.openqa.selenium.remote.ElementLocation$ElementFinder$2.findElement(ElementLocation.java:165)
at org.openqa.selenium.remote.ElementLocation.findElement(ElementLocation.java:59)
at org.openqa.selenium.remote.RemoteWebDriver.findElement(RemoteWebDriver.java:359)
at org.openqa.selenium.remote.RemoteWebDriver.findElement(RemoteWebDriver.java:353)
at io.appium.java_client.pagefactory.bys.builder.ByChained.lambda$getSearchingFunction$0(ByChained.java:41)
at org.openqa.selenium.support.ui.FluentWait.until(FluentWait.java:204)
at io.appium.java_client.pagefactory.bys.builder.ByChained.findElement(ByChained.java:75)
at org.openqa.selenium.remote.ElementLocation$ElementFinder$1.findElement(ElementLocation.java:139)
at org.openqa.selenium.remote.ElementLocation.findElement(ElementLocation.java:59)
at org.openqa.selenium.remote.RemoteWebDriver.findElement(RemoteWebDriver.java:359)
at org.openqa.selenium.remote.RemoteWebDriver.findElement(RemoteWebDriver.java:353)
at io.appium.java_client.pagefactory.bys.ContentMappedBy.findElement(ContentMappedBy.java:50)
at org.openqa.selenium.remote.ElementLocation$ElementFinder$1.findElement(ElementLocation.java:139)
at org.openqa.selenium.remote.ElementLocation.findElement(ElementLocation.java:59)
at org.openqa.selenium.remote.RemoteWebDriver.findElement(RemoteWebDriver.java:359)
at org.openqa.selenium.remote.RemoteWebDriver.findElement(RemoteWebDriver.java:353)
at io.appium.java_client.pagefactory.AppiumElementLocator.lambda$findElement$0(AppiumElementLocator.java:119)
at io.appium.java_client.pagefactory.AppiumElementLocator$WaitingFunction.apply(AppiumElementLocator.java:171)
... 41 more
... Removed 25 stack frames]]>
    </failure>
  </testcase> <!-- testPreferencesOnProfile -->
  <testcase classname="testCases.NonBLECommanTCs" name="testTipForNonBLE" time="0.011">
    <failure type="org.openqa.selenium.WebDriverException" message="An unknown server-side error occurred while processing the command. Original error: &amp;apos;POST /element&amp;apos; cannot be proxied to UiAutomator2 server because the instrumentation process is not running (probably crashed). Check the server log and/or the logcat output for more details
Build info: version: &amp;apos;4.16.1&amp;apos;, revision: &amp;apos;9b4c83354e&amp;apos;
System info: os.name: &amp;apos;Mac OS X&amp;apos;, os.arch: &amp;apos;x86_64&amp;apos;, os.version: &amp;apos;14.2&amp;apos;, java.version: &amp;apos;19.0.1&amp;apos;
Driver info: io.appium.java_client.android.AndroidDriver
Command: [1470c576-ef10-4a52-a361-aa7800c61836, findElement {using=xpath, value=//android.widget.TextView[@text=&amp;apos;Bedtime Ritual - FOR QA ONLY&amp;apos;]}]
Capabilities {appium:app: /Users/karishmabarot/Docume..., appium:appActivity: com.g4app.ui.MainActivity, appium:appPackage: com.g4app.dev, appium:autoGrantPermissions: true, appium:automationName: UIAutomator2, appium:databaseEnabled: false, appium:desired: {app: /Users/karishmabarot/Docume..., appActivity: com.g4app.ui.MainActivity, appPackage: com.g4app.dev, autoGrantPermissions: true, automationName: UIAutomator2, deviceName: Moto G31, fullReset: true, platformName: ANDROID, platformVersion: 11}, appium:deviceApiLevel: 30, appium:deviceManufacturer: motorola, appium:deviceModel: moto g31, appium:deviceName: ZD2223KXCX, appium:deviceScreenDensity: 420, appium:deviceScreenSize: 1080x2400, appium:deviceUDID: ZD2223KXCX, appium:fullReset: true, appium:javascriptEnabled: true, appium:locationContextEnabled: false, appium:networkConnectionEnabled: true, appium:pixelRatio: 2.625, appium:platformVersion: 11, appium:statBarHeight: 100, appium:takesScreenshot: true, appium:viewportRect: {height: 2300, left: 0, top: 100, width: 1080}, appium:warnings: {}, appium:webStorageEnabled: false, platformName: ANDROID}
Session ID: 1470c576-ef10-4a52-a361-aa7800c61836">
      <![CDATA[org.openqa.selenium.WebDriverException: An unknown server-side error occurred while processing the command. Original error: 'POST /element' cannot be proxied to UiAutomator2 server because the instrumentation process is not running (probably crashed). Check the server log and/or the logcat output for more details
Build info: version: '4.16.1', revision: '9b4c83354e'
System info: os.name: 'Mac OS X', os.arch: 'x86_64', os.version: '14.2', java.version: '19.0.1'
Driver info: io.appium.java_client.android.AndroidDriver
Command: [1470c576-ef10-4a52-a361-aa7800c61836, findElement {using=xpath, value=//android.widget.TextView[@text='Bedtime Ritual - FOR QA ONLY']}]
Capabilities {appium:app: /Users/karishmabarot/Docume..., appium:appActivity: com.g4app.ui.MainActivity, appium:appPackage: com.g4app.dev, appium:autoGrantPermissions: true, appium:automationName: UIAutomator2, appium:databaseEnabled: false, appium:desired: {app: /Users/karishmabarot/Docume..., appActivity: com.g4app.ui.MainActivity, appPackage: com.g4app.dev, autoGrantPermissions: true, automationName: UIAutomator2, deviceName: Moto G31, fullReset: true, platformName: ANDROID, platformVersion: 11}, appium:deviceApiLevel: 30, appium:deviceManufacturer: motorola, appium:deviceModel: moto g31, appium:deviceName: ZD2223KXCX, appium:deviceScreenDensity: 420, appium:deviceScreenSize: 1080x2400, appium:deviceUDID: ZD2223KXCX, appium:fullReset: true, appium:javascriptEnabled: true, appium:locationContextEnabled: false, appium:networkConnectionEnabled: true, appium:pixelRatio: 2.625, appium:platformVersion: 11, appium:statBarHeight: 100, appium:takesScreenshot: true, appium:viewportRect: {height: 2300, left: 0, top: 100, width: 1080}, appium:warnings: {}, appium:webStorageEnabled: false, platformName: ANDROID}
Session ID: 1470c576-ef10-4a52-a361-aa7800c61836
at org.openqa.selenium.remote.codec.w3c.W3CHttpResponseCodec.createException(W3CHttpResponseCodec.java:200)
at org.openqa.selenium.remote.codec.w3c.W3CHttpResponseCodec.decode(W3CHttpResponseCodec.java:133)
at org.openqa.selenium.remote.codec.w3c.W3CHttpResponseCodec.decode(W3CHttpResponseCodec.java:52)
at org.openqa.selenium.remote.HttpCommandExecutor.execute(HttpCommandExecutor.java:191)
at io.appium.java_client.remote.AppiumCommandExecutor.execute(AppiumCommandExecutor.java:250)
at org.openqa.selenium.remote.RemoteWebDriver.execute(RemoteWebDriver.java:602)
at org.openqa.selenium.remote.ElementLocation$ElementFinder$2.findElement(ElementLocation.java:165)
at org.openqa.selenium.remote.ElementLocation.findElement(ElementLocation.java:59)
at org.openqa.selenium.remote.RemoteWebDriver.findElement(RemoteWebDriver.java:359)
at org.openqa.selenium.remote.RemoteWebDriver.findElement(RemoteWebDriver.java:353)
at pageObjects.WaveSeriesOtherRollerObjects.getRoutineName(WaveSeriesOtherRollerObjects.java:40)
at pageFunctions.WaveSeriesOtherRollerFunctions.selectRoutine(WaveSeriesOtherRollerFunctions.java:57)
at pageFunctions.WaveSeriesOtherRollerFunctions.tipForNonBLE(WaveSeriesOtherRollerFunctions.java:111)
at testCases.NonBLECommanTCs.testTipForNonBLE(NonBLECommanTCs.java:65)
at java.base/java.util.ArrayList.forEach(ArrayList.java:1511)
at com.intellij.rt.testng.IDEARemoteTestNG.run(IDEARemoteTestNG.java:66)
at com.intellij.rt.testng.RemoteTestNGStarter.main(RemoteTestNGStarter.java:109)
... Removed 25 stack frames]]>
    </failure>
  </testcase> <!-- testTipForNonBLE -->
  <testcase classname="testCases.NonBLECommanTCs" name="testRoutineCompletionForNonBLE" time="0.017">
    <failure type="org.openqa.selenium.WebDriverException" message="org.openqa.selenium.WebDriverException: An unknown server-side error occurred while processing the command. Original error: &amp;apos;POST /element&amp;apos; cannot be proxied to UiAutomator2 server because the instrumentation process is not running (probably crashed). Check the server log and/or the logcat output for more details
Build info: version: &amp;apos;4.16.1&amp;apos;, revision: &amp;apos;9b4c83354e&amp;apos;
System info: os.name: &amp;apos;Mac OS X&amp;apos;, os.arch: &amp;apos;x86_64&amp;apos;, os.version: &amp;apos;14.2&amp;apos;, java.version: &amp;apos;19.0.1&amp;apos;
Driver info: io.appium.java_client.android.AndroidDriver
Command: [1470c576-ef10-4a52-a361-aa7800c61836, findElement {using=xpath, value=/hierarchy/android.widget.FrameLayout/android.widget.LinearLayout/android.widget.FrameLayout/android.widget.LinearLayout/android.widget.FrameLayout/android.view.ViewGroup/android.widget.FrameLayout/android.widget.FrameLayout/android.view.ViewGroup/android.view.ViewGroup[4]/android.view.ViewGroup/android.widget.TextView[2]}]
Capabilities {appium:app: /Users/karishmabarot/Docume..., appium:appActivity: com.g4app.ui.MainActivity, appium:appPackage: com.g4app.dev, appium:autoGrantPermissions: true, appium:automationName: UIAutomator2, appium:databaseEnabled: false, appium:desired: {app: /Users/karishmabarot/Docume..., appActivity: com.g4app.ui.MainActivity, appPackage: com.g4app.dev, autoGrantPermissions: true, automationName: UIAutomator2, deviceName: Moto G31, fullReset: true, platformName: ANDROID, platformVersion: 11}, appium:deviceApiLevel: 30, appium:deviceManufacturer: motorola, appium:deviceModel: moto g31, appium:deviceName: ZD2223KXCX, appium:deviceScreenDensity: 420, appium:deviceScreenSize: 1080x2400, appium:deviceUDID: ZD2223KXCX, appium:fullReset: true, appium:javascriptEnabled: true, appium:locationContextEnabled: false, appium:networkConnectionEnabled: true, appium:pixelRatio: 2.625, appium:platformVersion: 11, appium:statBarHeight: 100, appium:takesScreenshot: true, appium:viewportRect: {height: 2300, left: 0, top: 100, width: 1080}, appium:warnings: {}, appium:webStorageEnabled: false, platformName: ANDROID}
Session ID: 1470c576-ef10-4a52-a361-aa7800c61836">
      <![CDATA[org.openqa.selenium.WebDriverException: org.openqa.selenium.WebDriverException: An unknown server-side error occurred while processing the command. Original error: 'POST /element' cannot be proxied to UiAutomator2 server because the instrumentation process is not running (probably crashed). Check the server log and/or the logcat output for more details
Build info: version: '4.16.1', revision: '9b4c83354e'
System info: os.name: 'Mac OS X', os.arch: 'x86_64', os.version: '14.2', java.version: '19.0.1'
Driver info: io.appium.java_client.android.AndroidDriver
Command: [1470c576-ef10-4a52-a361-aa7800c61836, findElement {using=xpath, value=/hierarchy/android.widget.FrameLayout/android.widget.LinearLayout/android.widget.FrameLayout/android.widget.LinearLayout/android.widget.FrameLayout/android.view.ViewGroup/android.widget.FrameLayout/android.widget.FrameLayout/android.view.ViewGroup/android.view.ViewGroup[4]/android.view.ViewGroup/android.widget.TextView[2]}]
Capabilities {appium:app: /Users/karishmabarot/Docume..., appium:appActivity: com.g4app.ui.MainActivity, appium:appPackage: com.g4app.dev, appium:autoGrantPermissions: true, appium:automationName: UIAutomator2, appium:databaseEnabled: false, appium:desired: {app: /Users/karishmabarot/Docume..., appActivity: com.g4app.ui.MainActivity, appPackage: com.g4app.dev, autoGrantPermissions: true, automationName: UIAutomator2, deviceName: Moto G31, fullReset: true, platformName: ANDROID, platformVersion: 11}, appium:deviceApiLevel: 30, appium:deviceManufacturer: motorola, appium:deviceModel: moto g31, appium:deviceName: ZD2223KXCX, appium:deviceScreenDensity: 420, appium:deviceScreenSize: 1080x2400, appium:deviceUDID: ZD2223KXCX, appium:fullReset: true, appium:javascriptEnabled: true, appium:locationContextEnabled: false, appium:networkConnectionEnabled: true, appium:pixelRatio: 2.625, appium:platformVersion: 11, appium:statBarHeight: 100, appium:takesScreenshot: true, appium:viewportRect: {height: 2300, left: 0, top: 100, width: 1080}, appium:warnings: {}, appium:webStorageEnabled: false, platformName: ANDROID}
Session ID: 1470c576-ef10-4a52-a361-aa7800c61836
at io.appium.java_client.pagefactory.AppiumElementLocator$WaitingFunction.apply(AppiumElementLocator.java:191)
at io.appium.java_client.pagefactory.AppiumElementLocator$WaitingFunction.apply(AppiumElementLocator.java:164)
at org.openqa.selenium.support.ui.FluentWait.until(FluentWait.java:204)
at io.appium.java_client.pagefactory.AppiumElementLocator.waitFor(AppiumElementLocator.java:98)
at io.appium.java_client.pagefactory.AppiumElementLocator.findElement(AppiumElementLocator.java:118)
at io.appium.java_client.pagefactory.interceptors.InterceptorOfASingleElement.call(InterceptorOfASingleElement.java:54)
at io.appium.java_client.proxy.Interceptor.intercept(Interceptor.java:75)
at org.openqa.selenium.remote.RemoteWebElement$ByteBuddy$SLziuW22.getLocation(Unknown Source)
at base.Setup.getCenterCoordinates(Setup.java:170)
at pageFunctions.WaveSeriesOtherRollerFunctions.routineCompletionForNonBLE(WaveSeriesOtherRollerFunctions.java:126)
at testCases.NonBLECommanTCs.testRoutineCompletionForNonBLE(NonBLECommanTCs.java:70)
at java.base/java.util.ArrayList.forEach(ArrayList.java:1511)
at com.intellij.rt.testng.IDEARemoteTestNG.run(IDEARemoteTestNG.java:66)
at com.intellij.rt.testng.RemoteTestNGStarter.main(RemoteTestNGStarter.java:109)
Caused by: org.openqa.selenium.WebDriverException: An unknown server-side error occurred while processing the command. Original error: 'POST /element' cannot be proxied to UiAutomator2 server because the instrumentation process is not running (probably crashed). Check the server log and/or the logcat output for more details
Build info: version: '4.16.1', revision: '9b4c83354e'
System info: os.name: 'Mac OS X', os.arch: 'x86_64', os.version: '14.2', java.version: '19.0.1'
Driver info: io.appium.java_client.android.AndroidDriver
Command: [1470c576-ef10-4a52-a361-aa7800c61836, findElement {using=xpath, value=/hierarchy/android.widget.FrameLayout/android.widget.LinearLayout/android.widget.FrameLayout/android.widget.LinearLayout/android.widget.FrameLayout/android.view.ViewGroup/android.widget.FrameLayout/android.widget.FrameLayout/android.view.ViewGroup/android.view.ViewGroup[4]/android.view.ViewGroup/android.widget.TextView[2]}]
Capabilities {appium:app: /Users/karishmabarot/Docume..., appium:appActivity: com.g4app.ui.MainActivity, appium:appPackage: com.g4app.dev, appium:autoGrantPermissions: true, appium:automationName: UIAutomator2, appium:databaseEnabled: false, appium:desired: {app: /Users/karishmabarot/Docume..., appActivity: com.g4app.ui.MainActivity, appPackage: com.g4app.dev, autoGrantPermissions: true, automationName: UIAutomator2, deviceName: Moto G31, fullReset: true, platformName: ANDROID, platformVersion: 11}, appium:deviceApiLevel: 30, appium:deviceManufacturer: motorola, appium:deviceModel: moto g31, appium:deviceName: ZD2223KXCX, appium:deviceScreenDensity: 420, appium:deviceScreenSize: 1080x2400, appium:deviceUDID: ZD2223KXCX, appium:fullReset: true, appium:javascriptEnabled: true, appium:locationContextEnabled: false, appium:networkConnectionEnabled: true, appium:pixelRatio: 2.625, appium:platformVersion: 11, appium:statBarHeight: 100, appium:takesScreenshot: true, appium:viewportRect: {height: 2300, left: 0, top: 100, width: 1080}, appium:warnings: {}, appium:webStorageEnabled: false, platformName: ANDROID}
Session ID: 1470c576-ef10-4a52-a361-aa7800c61836
at org.openqa.selenium.remote.codec.w3c.W3CHttpResponseCodec.createException(W3CHttpResponseCodec.java:200)
at org.openqa.selenium.remote.codec.w3c.W3CHttpResponseCodec.decode(W3CHttpResponseCodec.java:133)
at org.openqa.selenium.remote.codec.w3c.W3CHttpResponseCodec.decode(W3CHttpResponseCodec.java:52)
at org.openqa.selenium.remote.HttpCommandExecutor.execute(HttpCommandExecutor.java:191)
at io.appium.java_client.remote.AppiumCommandExecutor.execute(AppiumCommandExecutor.java:250)
at org.openqa.selenium.remote.RemoteWebDriver.execute(RemoteWebDriver.java:602)
at org.openqa.selenium.remote.ElementLocation$ElementFinder$2.findElement(ElementLocation.java:165)
at org.openqa.selenium.remote.ElementLocation.findElement(ElementLocation.java:59)
at org.openqa.selenium.remote.RemoteWebDriver.findElement(RemoteWebDriver.java:359)
at org.openqa.selenium.remote.RemoteWebDriver.findElement(RemoteWebDriver.java:353)
at io.appium.java_client.pagefactory.bys.builder.ByChained.lambda$getSearchingFunction$0(ByChained.java:41)
at org.openqa.selenium.support.ui.FluentWait.until(FluentWait.java:204)
at io.appium.java_client.pagefactory.bys.builder.ByChained.findElement(ByChained.java:75)
at org.openqa.selenium.remote.ElementLocation$ElementFinder$1.findElement(ElementLocation.java:139)
at org.openqa.selenium.remote.ElementLocation.findElement(ElementLocation.java:59)
at org.openqa.selenium.remote.RemoteWebDriver.findElement(RemoteWebDriver.java:359)
at org.openqa.selenium.remote.RemoteWebDriver.findElement(RemoteWebDriver.java:353)
at io.appium.java_client.pagefactory.bys.ContentMappedBy.findElement(ContentMappedBy.java:50)
at org.openqa.selenium.remote.ElementLocation$ElementFinder$1.findElement(ElementLocation.java:139)
at org.openqa.selenium.remote.ElementLocation.findElement(ElementLocation.java:59)
at org.openqa.selenium.remote.RemoteWebDriver.findElement(RemoteWebDriver.java:359)
at org.openqa.selenium.remote.RemoteWebDriver.findElement(RemoteWebDriver.java:353)
at io.appium.java_client.pagefactory.AppiumElementLocator.lambda$findElement$0(AppiumElementLocator.java:119)
at io.appium.java_client.pagefactory.AppiumElementLocator$WaitingFunction.apply(AppiumElementLocator.java:171)
... 35 more
... Removed 25 stack frames]]>
    </failure>
  </testcase> <!-- testRoutineCompletionForNonBLE -->
  <testcase classname="testCases.NonBLECommanTCs" name="testSaveRoutineFromCompletionScreen" time="0.012">
    <failure type="org.openqa.selenium.WebDriverException" message="org.openqa.selenium.WebDriverException: An unknown server-side error occurred while processing the command. Original error: &amp;apos;POST /element&amp;apos; cannot be proxied to UiAutomator2 server because the instrumentation process is not running (probably crashed). Check the server log and/or the logcat output for more details
Build info: version: &amp;apos;4.16.1&amp;apos;, revision: &amp;apos;9b4c83354e&amp;apos;
System info: os.name: &amp;apos;Mac OS X&amp;apos;, os.arch: &amp;apos;x86_64&amp;apos;, os.version: &amp;apos;14.2&amp;apos;, java.version: &amp;apos;19.0.1&amp;apos;
Driver info: io.appium.java_client.android.AndroidDriver
Command: [1470c576-ef10-4a52-a361-aa7800c61836, findElement {using=xpath, value=//android.widget.Button[@text=&amp;apos;Save&amp;apos;]}]
Capabilities {appium:app: /Users/karishmabarot/Docume..., appium:appActivity: com.g4app.ui.MainActivity, appium:appPackage: com.g4app.dev, appium:autoGrantPermissions: true, appium:automationName: UIAutomator2, appium:databaseEnabled: false, appium:desired: {app: /Users/karishmabarot/Docume..., appActivity: com.g4app.ui.MainActivity, appPackage: com.g4app.dev, autoGrantPermissions: true, automationName: UIAutomator2, deviceName: Moto G31, fullReset: true, platformName: ANDROID, platformVersion: 11}, appium:deviceApiLevel: 30, appium:deviceManufacturer: motorola, appium:deviceModel: moto g31, appium:deviceName: ZD2223KXCX, appium:deviceScreenDensity: 420, appium:deviceScreenSize: 1080x2400, appium:deviceUDID: ZD2223KXCX, appium:fullReset: true, appium:javascriptEnabled: true, appium:locationContextEnabled: false, appium:networkConnectionEnabled: true, appium:pixelRatio: 2.625, appium:platformVersion: 11, appium:statBarHeight: 100, appium:takesScreenshot: true, appium:viewportRect: {height: 2300, left: 0, top: 100, width: 1080}, appium:warnings: {}, appium:webStorageEnabled: false, platformName: ANDROID}
Session ID: 1470c576-ef10-4a52-a361-aa7800c61836">
      <![CDATA[org.openqa.selenium.WebDriverException: org.openqa.selenium.WebDriverException: An unknown server-side error occurred while processing the command. Original error: 'POST /element' cannot be proxied to UiAutomator2 server because the instrumentation process is not running (probably crashed). Check the server log and/or the logcat output for more details
Build info: version: '4.16.1', revision: '9b4c83354e'
System info: os.name: 'Mac OS X', os.arch: 'x86_64', os.version: '14.2', java.version: '19.0.1'
Driver info: io.appium.java_client.android.AndroidDriver
Command: [1470c576-ef10-4a52-a361-aa7800c61836, findElement {using=xpath, value=//android.widget.Button[@text='Save']}]
Capabilities {appium:app: /Users/karishmabarot/Docume..., appium:appActivity: com.g4app.ui.MainActivity, appium:appPackage: com.g4app.dev, appium:autoGrantPermissions: true, appium:automationName: UIAutomator2, appium:databaseEnabled: false, appium:desired: {app: /Users/karishmabarot/Docume..., appActivity: com.g4app.ui.MainActivity, appPackage: com.g4app.dev, autoGrantPermissions: true, automationName: UIAutomator2, deviceName: Moto G31, fullReset: true, platformName: ANDROID, platformVersion: 11}, appium:deviceApiLevel: 30, appium:deviceManufacturer: motorola, appium:deviceModel: moto g31, appium:deviceName: ZD2223KXCX, appium:deviceScreenDensity: 420, appium:deviceScreenSize: 1080x2400, appium:deviceUDID: ZD2223KXCX, appium:fullReset: true, appium:javascriptEnabled: true, appium:locationContextEnabled: false, appium:networkConnectionEnabled: true, appium:pixelRatio: 2.625, appium:platformVersion: 11, appium:statBarHeight: 100, appium:takesScreenshot: true, appium:viewportRect: {height: 2300, left: 0, top: 100, width: 1080}, appium:warnings: {}, appium:webStorageEnabled: false, platformName: ANDROID}
Session ID: 1470c576-ef10-4a52-a361-aa7800c61836
at io.appium.java_client.pagefactory.AppiumElementLocator$WaitingFunction.apply(AppiumElementLocator.java:191)
at io.appium.java_client.pagefactory.AppiumElementLocator$WaitingFunction.apply(AppiumElementLocator.java:164)
at org.openqa.selenium.support.ui.FluentWait.until(FluentWait.java:204)
at io.appium.java_client.pagefactory.AppiumElementLocator.waitFor(AppiumElementLocator.java:98)
at io.appium.java_client.pagefactory.AppiumElementLocator.findElement(AppiumElementLocator.java:118)
at io.appium.java_client.pagefactory.interceptors.InterceptorOfASingleElement.call(InterceptorOfASingleElement.java:54)
at io.appium.java_client.proxy.Interceptor.intercept(Interceptor.java:75)
at org.openqa.selenium.remote.RemoteWebElement$ByteBuddy$QZvBtQJ0.getLocation(Unknown Source)
at base.Setup.getCenterCoordinates(Setup.java:170)
at pageFunctions.WaveSeriesOtherRollerFunctions.saveRoutineFromCompletionScreen(WaveSeriesOtherRollerFunctions.java:141)
at testCases.NonBLECommanTCs.testSaveRoutineFromCompletionScreen(NonBLECommanTCs.java:75)
at java.base/java.util.ArrayList.forEach(ArrayList.java:1511)
at com.intellij.rt.testng.IDEARemoteTestNG.run(IDEARemoteTestNG.java:66)
at com.intellij.rt.testng.RemoteTestNGStarter.main(RemoteTestNGStarter.java:109)
Caused by: org.openqa.selenium.WebDriverException: An unknown server-side error occurred while processing the command. Original error: 'POST /element' cannot be proxied to UiAutomator2 server because the instrumentation process is not running (probably crashed). Check the server log and/or the logcat output for more details
Build info: version: '4.16.1', revision: '9b4c83354e'
System info: os.name: 'Mac OS X', os.arch: 'x86_64', os.version: '14.2', java.version: '19.0.1'
Driver info: io.appium.java_client.android.AndroidDriver
Command: [1470c576-ef10-4a52-a361-aa7800c61836, findElement {using=xpath, value=//android.widget.Button[@text='Save']}]
Capabilities {appium:app: /Users/karishmabarot/Docume..., appium:appActivity: com.g4app.ui.MainActivity, appium:appPackage: com.g4app.dev, appium:autoGrantPermissions: true, appium:automationName: UIAutomator2, appium:databaseEnabled: false, appium:desired: {app: /Users/karishmabarot/Docume..., appActivity: com.g4app.ui.MainActivity, appPackage: com.g4app.dev, autoGrantPermissions: true, automationName: UIAutomator2, deviceName: Moto G31, fullReset: true, platformName: ANDROID, platformVersion: 11}, appium:deviceApiLevel: 30, appium:deviceManufacturer: motorola, appium:deviceModel: moto g31, appium:deviceName: ZD2223KXCX, appium:deviceScreenDensity: 420, appium:deviceScreenSize: 1080x2400, appium:deviceUDID: ZD2223KXCX, appium:fullReset: true, appium:javascriptEnabled: true, appium:locationContextEnabled: false, appium:networkConnectionEnabled: true, appium:pixelRatio: 2.625, appium:platformVersion: 11, appium:statBarHeight: 100, appium:takesScreenshot: true, appium:viewportRect: {height: 2300, left: 0, top: 100, width: 1080}, appium:warnings: {}, appium:webStorageEnabled: false, platformName: ANDROID}
Session ID: 1470c576-ef10-4a52-a361-aa7800c61836
at org.openqa.selenium.remote.codec.w3c.W3CHttpResponseCodec.createException(W3CHttpResponseCodec.java:200)
at org.openqa.selenium.remote.codec.w3c.W3CHttpResponseCodec.decode(W3CHttpResponseCodec.java:133)
at org.openqa.selenium.remote.codec.w3c.W3CHttpResponseCodec.decode(W3CHttpResponseCodec.java:52)
at org.openqa.selenium.remote.HttpCommandExecutor.execute(HttpCommandExecutor.java:191)
at io.appium.java_client.remote.AppiumCommandExecutor.execute(AppiumCommandExecutor.java:250)
at org.openqa.selenium.remote.RemoteWebDriver.execute(RemoteWebDriver.java:602)
at org.openqa.selenium.remote.ElementLocation$ElementFinder$2.findElement(ElementLocation.java:165)
at org.openqa.selenium.remote.ElementLocation.findElement(ElementLocation.java:59)
at org.openqa.selenium.remote.RemoteWebDriver.findElement(RemoteWebDriver.java:359)
at org.openqa.selenium.remote.RemoteWebDriver.findElement(RemoteWebDriver.java:353)
at io.appium.java_client.pagefactory.bys.builder.ByChained.lambda$getSearchingFunction$0(ByChained.java:41)
at org.openqa.selenium.support.ui.FluentWait.until(FluentWait.java:204)
at io.appium.java_client.pagefactory.bys.builder.ByChained.findElement(ByChained.java:75)
at org.openqa.selenium.remote.ElementLocation$ElementFinder$1.findElement(ElementLocation.java:139)
at org.openqa.selenium.remote.ElementLocation.findElement(ElementLocation.java:59)
at org.openqa.selenium.remote.RemoteWebDriver.findElement(RemoteWebDriver.java:359)
at org.openqa.selenium.remote.RemoteWebDriver.findElement(RemoteWebDriver.java:353)
at io.appium.java_client.pagefactory.bys.ContentMappedBy.findElement(ContentMappedBy.java:50)
at org.openqa.selenium.remote.ElementLocation$ElementFinder$1.findElement(ElementLocation.java:139)
at org.openqa.selenium.remote.ElementLocation.findElement(ElementLocation.java:59)
at org.openqa.selenium.remote.RemoteWebDriver.findElement(RemoteWebDriver.java:359)
at org.openqa.selenium.remote.RemoteWebDriver.findElement(RemoteWebDriver.java:353)
at io.appium.java_client.pagefactory.AppiumElementLocator.lambda$findElement$0(AppiumElementLocator.java:119)
at io.appium.java_client.pagefactory.AppiumElementLocator$WaitingFunction.apply(AppiumElementLocator.java:171)
... 35 more
... Removed 25 stack frames]]>
    </failure>
  </testcase> <!-- testSaveRoutineFromCompletionScreen -->
  <testcase classname="testCases.NonBLECommanTCs" name="testUnSaveRoutineFromRoutineCompletionScreen" time="0.012">
    <failure type="org.openqa.selenium.WebDriverException" message="org.openqa.selenium.WebDriverException: An unknown server-side error occurred while processing the command. Original error: &amp;apos;POST /element&amp;apos; cannot be proxied to UiAutomator2 server because the instrumentation process is not running (probably crashed). Check the server log and/or the logcat output for more details
Build info: version: &amp;apos;4.16.1&amp;apos;, revision: &amp;apos;9b4c83354e&amp;apos;
System info: os.name: &amp;apos;Mac OS X&amp;apos;, os.arch: &amp;apos;x86_64&amp;apos;, os.version: &amp;apos;14.2&amp;apos;, java.version: &amp;apos;19.0.1&amp;apos;
Driver info: io.appium.java_client.android.AndroidDriver
Command: [1470c576-ef10-4a52-a361-aa7800c61836, findElement {using=xpath, value=/hierarchy/android.widget.FrameLayout/android.widget.LinearLayout/android.widget.FrameLayout/android.widget.LinearLayout/android.widget.FrameLayout/android.view.ViewGroup/android.widget.FrameLayout[1]/android.widget.FrameLayout/android.view.ViewGroup/android.widget.ScrollView/android.view.ViewGroup/android.widget.LinearLayout/androidx.recyclerview.widget.RecyclerView/android.view.ViewGroup/android.widget.ImageView[2]}]
Capabilities {appium:app: /Users/karishmabarot/Docume..., appium:appActivity: com.g4app.ui.MainActivity, appium:appPackage: com.g4app.dev, appium:autoGrantPermissions: true, appium:automationName: UIAutomator2, appium:databaseEnabled: false, appium:desired: {app: /Users/karishmabarot/Docume..., appActivity: com.g4app.ui.MainActivity, appPackage: com.g4app.dev, autoGrantPermissions: true, automationName: UIAutomator2, deviceName: Moto G31, fullReset: true, platformName: ANDROID, platformVersion: 11}, appium:deviceApiLevel: 30, appium:deviceManufacturer: motorola, appium:deviceModel: moto g31, appium:deviceName: ZD2223KXCX, appium:deviceScreenDensity: 420, appium:deviceScreenSize: 1080x2400, appium:deviceUDID: ZD2223KXCX, appium:fullReset: true, appium:javascriptEnabled: true, appium:locationContextEnabled: false, appium:networkConnectionEnabled: true, appium:pixelRatio: 2.625, appium:platformVersion: 11, appium:statBarHeight: 100, appium:takesScreenshot: true, appium:viewportRect: {height: 2300, left: 0, top: 100, width: 1080}, appium:warnings: {}, appium:webStorageEnabled: false, platformName: ANDROID}
Session ID: 1470c576-ef10-4a52-a361-aa7800c61836">
      <![CDATA[org.openqa.selenium.WebDriverException: org.openqa.selenium.WebDriverException: An unknown server-side error occurred while processing the command. Original error: 'POST /element' cannot be proxied to UiAutomator2 server because the instrumentation process is not running (probably crashed). Check the server log and/or the logcat output for more details
Build info: version: '4.16.1', revision: '9b4c83354e'
System info: os.name: 'Mac OS X', os.arch: 'x86_64', os.version: '14.2', java.version: '19.0.1'
Driver info: io.appium.java_client.android.AndroidDriver
Command: [1470c576-ef10-4a52-a361-aa7800c61836, findElement {using=xpath, value=/hierarchy/android.widget.FrameLayout/android.widget.LinearLayout/android.widget.FrameLayout/android.widget.LinearLayout/android.widget.FrameLayout/android.view.ViewGroup/android.widget.FrameLayout[1]/android.widget.FrameLayout/android.view.ViewGroup/android.widget.ScrollView/android.view.ViewGroup/android.widget.LinearLayout/androidx.recyclerview.widget.RecyclerView/android.view.ViewGroup/android.widget.ImageView[2]}]
Capabilities {appium:app: /Users/karishmabarot/Docume..., appium:appActivity: com.g4app.ui.MainActivity, appium:appPackage: com.g4app.dev, appium:autoGrantPermissions: true, appium:automationName: UIAutomator2, appium:databaseEnabled: false, appium:desired: {app: /Users/karishmabarot/Docume..., appActivity: com.g4app.ui.MainActivity, appPackage: com.g4app.dev, autoGrantPermissions: true, automationName: UIAutomator2, deviceName: Moto G31, fullReset: true, platformName: ANDROID, platformVersion: 11}, appium:deviceApiLevel: 30, appium:deviceManufacturer: motorola, appium:deviceModel: moto g31, appium:deviceName: ZD2223KXCX, appium:deviceScreenDensity: 420, appium:deviceScreenSize: 1080x2400, appium:deviceUDID: ZD2223KXCX, appium:fullReset: true, appium:javascriptEnabled: true, appium:locationContextEnabled: false, appium:networkConnectionEnabled: true, appium:pixelRatio: 2.625, appium:platformVersion: 11, appium:statBarHeight: 100, appium:takesScreenshot: true, appium:viewportRect: {height: 2300, left: 0, top: 100, width: 1080}, appium:warnings: {}, appium:webStorageEnabled: false, platformName: ANDROID}
Session ID: 1470c576-ef10-4a52-a361-aa7800c61836
at io.appium.java_client.pagefactory.AppiumElementLocator$WaitingFunction.apply(AppiumElementLocator.java:191)
at io.appium.java_client.pagefactory.AppiumElementLocator$WaitingFunction.apply(AppiumElementLocator.java:164)
at org.openqa.selenium.support.ui.FluentWait.until(FluentWait.java:204)
at io.appium.java_client.pagefactory.AppiumElementLocator.waitFor(AppiumElementLocator.java:98)
at io.appium.java_client.pagefactory.AppiumElementLocator.findElement(AppiumElementLocator.java:118)
at io.appium.java_client.pagefactory.interceptors.InterceptorOfASingleElement.call(InterceptorOfASingleElement.java:54)
at io.appium.java_client.proxy.Interceptor.intercept(Interceptor.java:75)
at org.openqa.selenium.remote.RemoteWebElement$ByteBuddy$AuogbWdm.isDisplayed(Unknown Source)
at org.openqa.selenium.support.ui.ExpectedConditions.elementIfVisible(ExpectedConditions.java:304)
at org.openqa.selenium.support.ui.ExpectedConditions$10.apply(ExpectedConditions.java:290)
at org.openqa.selenium.support.ui.ExpectedConditions$10.apply(ExpectedConditions.java:287)
at org.openqa.selenium.support.ui.ExpectedConditions$23.apply(ExpectedConditions.java:656)
at org.openqa.selenium.support.ui.ExpectedConditions$23.apply(ExpectedConditions.java:652)
at org.openqa.selenium.support.ui.FluentWait.until(FluentWait.java:204)
at base.Setup.waitForElementClickAbility(Setup.java:139)
at pageFunctions.WaveSeriesOtherRollerFunctions.unSaveRoutineFromRoutineCompletionScreen(WaveSeriesOtherRollerFunctions.java:156)
at testCases.NonBLECommanTCs.testUnSaveRoutineFromRoutineCompletionScreen(NonBLECommanTCs.java:80)
at java.base/java.util.ArrayList.forEach(ArrayList.java:1511)
at com.intellij.rt.testng.IDEARemoteTestNG.run(IDEARemoteTestNG.java:66)
at com.intellij.rt.testng.RemoteTestNGStarter.main(RemoteTestNGStarter.java:109)
Caused by: org.openqa.selenium.WebDriverException: An unknown server-side error occurred while processing the command. Original error: 'POST /element' cannot be proxied to UiAutomator2 server because the instrumentation process is not running (probably crashed). Check the server log and/or the logcat output for more details
Build info: version: '4.16.1', revision: '9b4c83354e'
System info: os.name: 'Mac OS X', os.arch: 'x86_64', os.version: '14.2', java.version: '19.0.1'
Driver info: io.appium.java_client.android.AndroidDriver
Command: [1470c576-ef10-4a52-a361-aa7800c61836, findElement {using=xpath, value=/hierarchy/android.widget.FrameLayout/android.widget.LinearLayout/android.widget.FrameLayout/android.widget.LinearLayout/android.widget.FrameLayout/android.view.ViewGroup/android.widget.FrameLayout[1]/android.widget.FrameLayout/android.view.ViewGroup/android.widget.ScrollView/android.view.ViewGroup/android.widget.LinearLayout/androidx.recyclerview.widget.RecyclerView/android.view.ViewGroup/android.widget.ImageView[2]}]
Capabilities {appium:app: /Users/karishmabarot/Docume..., appium:appActivity: com.g4app.ui.MainActivity, appium:appPackage: com.g4app.dev, appium:autoGrantPermissions: true, appium:automationName: UIAutomator2, appium:databaseEnabled: false, appium:desired: {app: /Users/karishmabarot/Docume..., appActivity: com.g4app.ui.MainActivity, appPackage: com.g4app.dev, autoGrantPermissions: true, automationName: UIAutomator2, deviceName: Moto G31, fullReset: true, platformName: ANDROID, platformVersion: 11}, appium:deviceApiLevel: 30, appium:deviceManufacturer: motorola, appium:deviceModel: moto g31, appium:deviceName: ZD2223KXCX, appium:deviceScreenDensity: 420, appium:deviceScreenSize: 1080x2400, appium:deviceUDID: ZD2223KXCX, appium:fullReset: true, appium:javascriptEnabled: true, appium:locationContextEnabled: false, appium:networkConnectionEnabled: true, appium:pixelRatio: 2.625, appium:platformVersion: 11, appium:statBarHeight: 100, appium:takesScreenshot: true, appium:viewportRect: {height: 2300, left: 0, top: 100, width: 1080}, appium:warnings: {}, appium:webStorageEnabled: false, platformName: ANDROID}
Session ID: 1470c576-ef10-4a52-a361-aa7800c61836
at org.openqa.selenium.remote.codec.w3c.W3CHttpResponseCodec.createException(W3CHttpResponseCodec.java:200)
at org.openqa.selenium.remote.codec.w3c.W3CHttpResponseCodec.decode(W3CHttpResponseCodec.java:133)
at org.openqa.selenium.remote.codec.w3c.W3CHttpResponseCodec.decode(W3CHttpResponseCodec.java:52)
at org.openqa.selenium.remote.HttpCommandExecutor.execute(HttpCommandExecutor.java:191)
at io.appium.java_client.remote.AppiumCommandExecutor.execute(AppiumCommandExecutor.java:250)
at org.openqa.selenium.remote.RemoteWebDriver.execute(RemoteWebDriver.java:602)
at org.openqa.selenium.remote.ElementLocation$ElementFinder$2.findElement(ElementLocation.java:165)
at org.openqa.selenium.remote.ElementLocation.findElement(ElementLocation.java:59)
at org.openqa.selenium.remote.RemoteWebDriver.findElement(RemoteWebDriver.java:359)
at org.openqa.selenium.remote.RemoteWebDriver.findElement(RemoteWebDriver.java:353)
at io.appium.java_client.pagefactory.bys.builder.ByChained.lambda$getSearchingFunction$0(ByChained.java:41)
at org.openqa.selenium.support.ui.FluentWait.until(FluentWait.java:204)
at io.appium.java_client.pagefactory.bys.builder.ByChained.findElement(ByChained.java:75)
at org.openqa.selenium.remote.ElementLocation$ElementFinder$1.findElement(ElementLocation.java:139)
at org.openqa.selenium.remote.ElementLocation.findElement(ElementLocation.java:59)
at org.openqa.selenium.remote.RemoteWebDriver.findElement(RemoteWebDriver.java:359)
at org.openqa.selenium.remote.RemoteWebDriver.findElement(RemoteWebDriver.java:353)
at io.appium.java_client.pagefactory.bys.ContentMappedBy.findElement(ContentMappedBy.java:50)
at org.openqa.selenium.remote.ElementLocation$ElementFinder$1.findElement(ElementLocation.java:139)
at org.openqa.selenium.remote.ElementLocation.findElement(ElementLocation.java:59)
at org.openqa.selenium.remote.RemoteWebDriver.findElement(RemoteWebDriver.java:359)
at org.openqa.selenium.remote.RemoteWebDriver.findElement(RemoteWebDriver.java:353)
at io.appium.java_client.pagefactory.AppiumElementLocator.lambda$findElement$0(AppiumElementLocator.java:119)
at io.appium.java_client.pagefactory.AppiumElementLocator$WaitingFunction.apply(AppiumElementLocator.java:171)
... 41 more
... Removed 25 stack frames]]>
    </failure>
  </testcase> <!-- testUnSaveRoutineFromRoutineCompletionScreen -->
  <testcase classname="testCases.NonBLECommanTCs" name="testSaveRoutineFromOverviewScreen" time="0.013">
    <failure type="org.openqa.selenium.WebDriverException" message="An unknown server-side error occurred while processing the command. Original error: &amp;apos;POST /element&amp;apos; cannot be proxied to UiAutomator2 server because the instrumentation process is not running (probably crashed). Check the server log and/or the logcat output for more details
Build info: version: &amp;apos;4.16.1&amp;apos;, revision: &amp;apos;9b4c83354e&amp;apos;
System info: os.name: &amp;apos;Mac OS X&amp;apos;, os.arch: &amp;apos;x86_64&amp;apos;, os.version: &amp;apos;14.2&amp;apos;, java.version: &amp;apos;19.0.1&amp;apos;
Driver info: io.appium.java_client.android.AndroidDriver
Command: [1470c576-ef10-4a52-a361-aa7800c61836, findElement {using=xpath, value=//android.widget.TextView[@text=&amp;apos;Bedtime Ritual - FOR QA ONLY&amp;apos;]}]
Capabilities {appium:app: /Users/karishmabarot/Docume..., appium:appActivity: com.g4app.ui.MainActivity, appium:appPackage: com.g4app.dev, appium:autoGrantPermissions: true, appium:automationName: UIAutomator2, appium:databaseEnabled: false, appium:desired: {app: /Users/karishmabarot/Docume..., appActivity: com.g4app.ui.MainActivity, appPackage: com.g4app.dev, autoGrantPermissions: true, automationName: UIAutomator2, deviceName: Moto G31, fullReset: true, platformName: ANDROID, platformVersion: 11}, appium:deviceApiLevel: 30, appium:deviceManufacturer: motorola, appium:deviceModel: moto g31, appium:deviceName: ZD2223KXCX, appium:deviceScreenDensity: 420, appium:deviceScreenSize: 1080x2400, appium:deviceUDID: ZD2223KXCX, appium:fullReset: true, appium:javascriptEnabled: true, appium:locationContextEnabled: false, appium:networkConnectionEnabled: true, appium:pixelRatio: 2.625, appium:platformVersion: 11, appium:statBarHeight: 100, appium:takesScreenshot: true, appium:viewportRect: {height: 2300, left: 0, top: 100, width: 1080}, appium:warnings: {}, appium:webStorageEnabled: false, platformName: ANDROID}
Session ID: 1470c576-ef10-4a52-a361-aa7800c61836">
      <![CDATA[org.openqa.selenium.WebDriverException: An unknown server-side error occurred while processing the command. Original error: 'POST /element' cannot be proxied to UiAutomator2 server because the instrumentation process is not running (probably crashed). Check the server log and/or the logcat output for more details
Build info: version: '4.16.1', revision: '9b4c83354e'
System info: os.name: 'Mac OS X', os.arch: 'x86_64', os.version: '14.2', java.version: '19.0.1'
Driver info: io.appium.java_client.android.AndroidDriver
Command: [1470c576-ef10-4a52-a361-aa7800c61836, findElement {using=xpath, value=//android.widget.TextView[@text='Bedtime Ritual - FOR QA ONLY']}]
Capabilities {appium:app: /Users/karishmabarot/Docume..., appium:appActivity: com.g4app.ui.MainActivity, appium:appPackage: com.g4app.dev, appium:autoGrantPermissions: true, appium:automationName: UIAutomator2, appium:databaseEnabled: false, appium:desired: {app: /Users/karishmabarot/Docume..., appActivity: com.g4app.ui.MainActivity, appPackage: com.g4app.dev, autoGrantPermissions: true, automationName: UIAutomator2, deviceName: Moto G31, fullReset: true, platformName: ANDROID, platformVersion: 11}, appium:deviceApiLevel: 30, appium:deviceManufacturer: motorola, appium:deviceModel: moto g31, appium:deviceName: ZD2223KXCX, appium:deviceScreenDensity: 420, appium:deviceScreenSize: 1080x2400, appium:deviceUDID: ZD2223KXCX, appium:fullReset: true, appium:javascriptEnabled: true, appium:locationContextEnabled: false, appium:networkConnectionEnabled: true, appium:pixelRatio: 2.625, appium:platformVersion: 11, appium:statBarHeight: 100, appium:takesScreenshot: true, appium:viewportRect: {height: 2300, left: 0, top: 100, width: 1080}, appium:warnings: {}, appium:webStorageEnabled: false, platformName: ANDROID}
Session ID: 1470c576-ef10-4a52-a361-aa7800c61836
at org.openqa.selenium.remote.codec.w3c.W3CHttpResponseCodec.createException(W3CHttpResponseCodec.java:200)
at org.openqa.selenium.remote.codec.w3c.W3CHttpResponseCodec.decode(W3CHttpResponseCodec.java:133)
at org.openqa.selenium.remote.codec.w3c.W3CHttpResponseCodec.decode(W3CHttpResponseCodec.java:52)
at org.openqa.selenium.remote.HttpCommandExecutor.execute(HttpCommandExecutor.java:191)
at io.appium.java_client.remote.AppiumCommandExecutor.execute(AppiumCommandExecutor.java:250)
at org.openqa.selenium.remote.RemoteWebDriver.execute(RemoteWebDriver.java:602)
at org.openqa.selenium.remote.ElementLocation$ElementFinder$2.findElement(ElementLocation.java:165)
at org.openqa.selenium.remote.ElementLocation.findElement(ElementLocation.java:59)
at org.openqa.selenium.remote.RemoteWebDriver.findElement(RemoteWebDriver.java:359)
at org.openqa.selenium.remote.RemoteWebDriver.findElement(RemoteWebDriver.java:353)
at pageObjects.WaveSeriesOtherRollerObjects.getRoutineName(WaveSeriesOtherRollerObjects.java:40)
at pageFunctions.WaveSeriesOtherRollerFunctions.selectRoutine(WaveSeriesOtherRollerFunctions.java:57)
at pageFunctions.WaveSeriesOtherRollerFunctions.saveRoutineFromOverviewScreen(WaveSeriesOtherRollerFunctions.java:235)
at testCases.NonBLECommanTCs.testSaveRoutineFromOverviewScreen(NonBLECommanTCs.java:85)
at java.base/java.util.ArrayList.forEach(ArrayList.java:1511)
at com.intellij.rt.testng.IDEARemoteTestNG.run(IDEARemoteTestNG.java:66)
at com.intellij.rt.testng.RemoteTestNGStarter.main(RemoteTestNGStarter.java:109)
... Removed 25 stack frames]]>
    </failure>
  </testcase> <!-- testSaveRoutineFromOverviewScreen -->
  <testcase classname="testCases.NonBLECommanTCs" name="testUnSaveRoutineFromSavedTab" time="0.014">
    <failure type="org.openqa.selenium.WebDriverException" message="org.openqa.selenium.WebDriverException: An unknown server-side error occurred while processing the command. Original error: &amp;apos;POST /element&amp;apos; cannot be proxied to UiAutomator2 server because the instrumentation process is not running (probably crashed). Check the server log and/or the logcat output for more details
Build info: version: &amp;apos;4.16.1&amp;apos;, revision: &amp;apos;9b4c83354e&amp;apos;
System info: os.name: &amp;apos;Mac OS X&amp;apos;, os.arch: &amp;apos;x86_64&amp;apos;, os.version: &amp;apos;14.2&amp;apos;, java.version: &amp;apos;19.0.1&amp;apos;
Driver info: io.appium.java_client.android.AndroidDriver
Command: [1470c576-ef10-4a52-a361-aa7800c61836, findElement {using=xpath, value=/hierarchy/android.widget.FrameLayout/android.widget.LinearLayout/android.widget.FrameLayout/android.widget.LinearLayout/android.widget.FrameLayout/android.view.ViewGroup/android.widget.FrameLayout[1]/android.widget.FrameLayout/android.view.ViewGroup/android.widget.ScrollView/android.view.ViewGroup/android.widget.LinearLayout/androidx.recyclerview.widget.RecyclerView/android.view.ViewGroup/android.widget.ImageView[2]}]
Capabilities {appium:app: /Users/karishmabarot/Docume..., appium:appActivity: com.g4app.ui.MainActivity, appium:appPackage: com.g4app.dev, appium:autoGrantPermissions: true, appium:automationName: UIAutomator2, appium:databaseEnabled: false, appium:desired: {app: /Users/karishmabarot/Docume..., appActivity: com.g4app.ui.MainActivity, appPackage: com.g4app.dev, autoGrantPermissions: true, automationName: UIAutomator2, deviceName: Moto G31, fullReset: true, platformName: ANDROID, platformVersion: 11}, appium:deviceApiLevel: 30, appium:deviceManufacturer: motorola, appium:deviceModel: moto g31, appium:deviceName: ZD2223KXCX, appium:deviceScreenDensity: 420, appium:deviceScreenSize: 1080x2400, appium:deviceUDID: ZD2223KXCX, appium:fullReset: true, appium:javascriptEnabled: true, appium:locationContextEnabled: false, appium:networkConnectionEnabled: true, appium:pixelRatio: 2.625, appium:platformVersion: 11, appium:statBarHeight: 100, appium:takesScreenshot: true, appium:viewportRect: {height: 2300, left: 0, top: 100, width: 1080}, appium:warnings: {}, appium:webStorageEnabled: false, platformName: ANDROID}
Session ID: 1470c576-ef10-4a52-a361-aa7800c61836">
      <![CDATA[org.openqa.selenium.WebDriverException: org.openqa.selenium.WebDriverException: An unknown server-side error occurred while processing the command. Original error: 'POST /element' cannot be proxied to UiAutomator2 server because the instrumentation process is not running (probably crashed). Check the server log and/or the logcat output for more details
Build info: version: '4.16.1', revision: '9b4c83354e'
System info: os.name: 'Mac OS X', os.arch: 'x86_64', os.version: '14.2', java.version: '19.0.1'
Driver info: io.appium.java_client.android.AndroidDriver
Command: [1470c576-ef10-4a52-a361-aa7800c61836, findElement {using=xpath, value=/hierarchy/android.widget.FrameLayout/android.widget.LinearLayout/android.widget.FrameLayout/android.widget.LinearLayout/android.widget.FrameLayout/android.view.ViewGroup/android.widget.FrameLayout[1]/android.widget.FrameLayout/android.view.ViewGroup/android.widget.ScrollView/android.view.ViewGroup/android.widget.LinearLayout/androidx.recyclerview.widget.RecyclerView/android.view.ViewGroup/android.widget.ImageView[2]}]
Capabilities {appium:app: /Users/karishmabarot/Docume..., appium:appActivity: com.g4app.ui.MainActivity, appium:appPackage: com.g4app.dev, appium:autoGrantPermissions: true, appium:automationName: UIAutomator2, appium:databaseEnabled: false, appium:desired: {app: /Users/karishmabarot/Docume..., appActivity: com.g4app.ui.MainActivity, appPackage: com.g4app.dev, autoGrantPermissions: true, automationName: UIAutomator2, deviceName: Moto G31, fullReset: true, platformName: ANDROID, platformVersion: 11}, appium:deviceApiLevel: 30, appium:deviceManufacturer: motorola, appium:deviceModel: moto g31, appium:deviceName: ZD2223KXCX, appium:deviceScreenDensity: 420, appium:deviceScreenSize: 1080x2400, appium:deviceUDID: ZD2223KXCX, appium:fullReset: true, appium:javascriptEnabled: true, appium:locationContextEnabled: false, appium:networkConnectionEnabled: true, appium:pixelRatio: 2.625, appium:platformVersion: 11, appium:statBarHeight: 100, appium:takesScreenshot: true, appium:viewportRect: {height: 2300, left: 0, top: 100, width: 1080}, appium:warnings: {}, appium:webStorageEnabled: false, platformName: ANDROID}
Session ID: 1470c576-ef10-4a52-a361-aa7800c61836
at io.appium.java_client.pagefactory.AppiumElementLocator$WaitingFunction.apply(AppiumElementLocator.java:191)
at io.appium.java_client.pagefactory.AppiumElementLocator$WaitingFunction.apply(AppiumElementLocator.java:164)
at org.openqa.selenium.support.ui.FluentWait.until(FluentWait.java:204)
at io.appium.java_client.pagefactory.AppiumElementLocator.waitFor(AppiumElementLocator.java:98)
at io.appium.java_client.pagefactory.AppiumElementLocator.findElement(AppiumElementLocator.java:118)
at io.appium.java_client.pagefactory.interceptors.InterceptorOfASingleElement.call(InterceptorOfASingleElement.java:54)
at io.appium.java_client.proxy.Interceptor.intercept(Interceptor.java:75)
at org.openqa.selenium.remote.RemoteWebElement$ByteBuddy$AuogbWdm.isDisplayed(Unknown Source)
at org.openqa.selenium.support.ui.ExpectedConditions.elementIfVisible(ExpectedConditions.java:304)
at org.openqa.selenium.support.ui.ExpectedConditions$10.apply(ExpectedConditions.java:290)
at org.openqa.selenium.support.ui.ExpectedConditions$10.apply(ExpectedConditions.java:287)
at org.openqa.selenium.support.ui.ExpectedConditions$23.apply(ExpectedConditions.java:656)
at org.openqa.selenium.support.ui.ExpectedConditions$23.apply(ExpectedConditions.java:652)
at org.openqa.selenium.support.ui.FluentWait.until(FluentWait.java:204)
at base.Setup.waitForElementClickAbility(Setup.java:139)
at pageFunctions.WaveSeriesOtherRollerFunctions.unSaveRoutineFromSavedTab(WaveSeriesOtherRollerFunctions.java:240)
at testCases.NonBLECommanTCs.testUnSaveRoutineFromSavedTab(NonBLECommanTCs.java:90)
at java.base/java.util.ArrayList.forEach(ArrayList.java:1511)
at com.intellij.rt.testng.IDEARemoteTestNG.run(IDEARemoteTestNG.java:66)
at com.intellij.rt.testng.RemoteTestNGStarter.main(RemoteTestNGStarter.java:109)
Caused by: org.openqa.selenium.WebDriverException: An unknown server-side error occurred while processing the command. Original error: 'POST /element' cannot be proxied to UiAutomator2 server because the instrumentation process is not running (probably crashed). Check the server log and/or the logcat output for more details
Build info: version: '4.16.1', revision: '9b4c83354e'
System info: os.name: 'Mac OS X', os.arch: 'x86_64', os.version: '14.2', java.version: '19.0.1'
Driver info: io.appium.java_client.android.AndroidDriver
Command: [1470c576-ef10-4a52-a361-aa7800c61836, findElement {using=xpath, value=/hierarchy/android.widget.FrameLayout/android.widget.LinearLayout/android.widget.FrameLayout/android.widget.LinearLayout/android.widget.FrameLayout/android.view.ViewGroup/android.widget.FrameLayout[1]/android.widget.FrameLayout/android.view.ViewGroup/android.widget.ScrollView/android.view.ViewGroup/android.widget.LinearLayout/androidx.recyclerview.widget.RecyclerView/android.view.ViewGroup/android.widget.ImageView[2]}]
Capabilities {appium:app: /Users/karishmabarot/Docume..., appium:appActivity: com.g4app.ui.MainActivity, appium:appPackage: com.g4app.dev, appium:autoGrantPermissions: true, appium:automationName: UIAutomator2, appium:databaseEnabled: false, appium:desired: {app: /Users/karishmabarot/Docume..., appActivity: com.g4app.ui.MainActivity, appPackage: com.g4app.dev, autoGrantPermissions: true, automationName: UIAutomator2, deviceName: Moto G31, fullReset: true, platformName: ANDROID, platformVersion: 11}, appium:deviceApiLevel: 30, appium:deviceManufacturer: motorola, appium:deviceModel: moto g31, appium:deviceName: ZD2223KXCX, appium:deviceScreenDensity: 420, appium:deviceScreenSize: 1080x2400, appium:deviceUDID: ZD2223KXCX, appium:fullReset: true, appium:javascriptEnabled: true, appium:locationContextEnabled: false, appium:networkConnectionEnabled: true, appium:pixelRatio: 2.625, appium:platformVersion: 11, appium:statBarHeight: 100, appium:takesScreenshot: true, appium:viewportRect: {height: 2300, left: 0, top: 100, width: 1080}, appium:warnings: {}, appium:webStorageEnabled: false, platformName: ANDROID}
Session ID: 1470c576-ef10-4a52-a361-aa7800c61836
at org.openqa.selenium.remote.codec.w3c.W3CHttpResponseCodec.createException(W3CHttpResponseCodec.java:200)
at org.openqa.selenium.remote.codec.w3c.W3CHttpResponseCodec.decode(W3CHttpResponseCodec.java:133)
at org.openqa.selenium.remote.codec.w3c.W3CHttpResponseCodec.decode(W3CHttpResponseCodec.java:52)
at org.openqa.selenium.remote.HttpCommandExecutor.execute(HttpCommandExecutor.java:191)
at io.appium.java_client.remote.AppiumCommandExecutor.execute(AppiumCommandExecutor.java:250)
at org.openqa.selenium.remote.RemoteWebDriver.execute(RemoteWebDriver.java:602)
at org.openqa.selenium.remote.ElementLocation$ElementFinder$2.findElement(ElementLocation.java:165)
at org.openqa.selenium.remote.ElementLocation.findElement(ElementLocation.java:59)
at org.openqa.selenium.remote.RemoteWebDriver.findElement(RemoteWebDriver.java:359)
at org.openqa.selenium.remote.RemoteWebDriver.findElement(RemoteWebDriver.java:353)
at io.appium.java_client.pagefactory.bys.builder.ByChained.lambda$getSearchingFunction$0(ByChained.java:41)
at org.openqa.selenium.support.ui.FluentWait.until(FluentWait.java:204)
at io.appium.java_client.pagefactory.bys.builder.ByChained.findElement(ByChained.java:75)
at org.openqa.selenium.remote.ElementLocation$ElementFinder$1.findElement(ElementLocation.java:139)
at org.openqa.selenium.remote.ElementLocation.findElement(ElementLocation.java:59)
at org.openqa.selenium.remote.RemoteWebDriver.findElement(RemoteWebDriver.java:359)
at org.openqa.selenium.remote.RemoteWebDriver.findElement(RemoteWebDriver.java:353)
at io.appium.java_client.pagefactory.bys.ContentMappedBy.findElement(ContentMappedBy.java:50)
at org.openqa.selenium.remote.ElementLocation$ElementFinder$1.findElement(ElementLocation.java:139)
at org.openqa.selenium.remote.ElementLocation.findElement(ElementLocation.java:59)
at org.openqa.selenium.remote.RemoteWebDriver.findElement(RemoteWebDriver.java:359)
at org.openqa.selenium.remote.RemoteWebDriver.findElement(RemoteWebDriver.java:353)
at io.appium.java_client.pagefactory.AppiumElementLocator.lambda$findElement$0(AppiumElementLocator.java:119)
at io.appium.java_client.pagefactory.AppiumElementLocator$WaitingFunction.apply(AppiumElementLocator.java:171)
... 41 more
... Removed 25 stack frames]]>
    </failure>
  </testcase> <!-- testUnSaveRoutineFromSavedTab -->
  <testcase classname="testCases.NonBLECommanTCs" name="testForgetDevice" time="0.013">
    <failure type="org.openqa.selenium.WebDriverException" message="org.openqa.selenium.WebDriverException: An unknown server-side error occurred while processing the command. Original error: &amp;apos;POST /element&amp;apos; cannot be proxied to UiAutomator2 server because the instrumentation process is not running (probably crashed). Check the server log and/or the logcat output for more details
Build info: version: &amp;apos;4.16.1&amp;apos;, revision: &amp;apos;9b4c83354e&amp;apos;
System info: os.name: &amp;apos;Mac OS X&amp;apos;, os.arch: &amp;apos;x86_64&amp;apos;, os.version: &amp;apos;14.2&amp;apos;, java.version: &amp;apos;19.0.1&amp;apos;
Driver info: io.appium.java_client.android.AndroidDriver
Command: [1470c576-ef10-4a52-a361-aa7800c61836, findElement {using=xpath, value=//android.widget.ImageView[@index=&amp;apos;3&amp;apos;]}]
Capabilities {appium:app: /Users/karishmabarot/Docume..., appium:appActivity: com.g4app.ui.MainActivity, appium:appPackage: com.g4app.dev, appium:autoGrantPermissions: true, appium:automationName: UIAutomator2, appium:databaseEnabled: false, appium:desired: {app: /Users/karishmabarot/Docume..., appActivity: com.g4app.ui.MainActivity, appPackage: com.g4app.dev, autoGrantPermissions: true, automationName: UIAutomator2, deviceName: Moto G31, fullReset: true, platformName: ANDROID, platformVersion: 11}, appium:deviceApiLevel: 30, appium:deviceManufacturer: motorola, appium:deviceModel: moto g31, appium:deviceName: ZD2223KXCX, appium:deviceScreenDensity: 420, appium:deviceScreenSize: 1080x2400, appium:deviceUDID: ZD2223KXCX, appium:fullReset: true, appium:javascriptEnabled: true, appium:locationContextEnabled: false, appium:networkConnectionEnabled: true, appium:pixelRatio: 2.625, appium:platformVersion: 11, appium:statBarHeight: 100, appium:takesScreenshot: true, appium:viewportRect: {height: 2300, left: 0, top: 100, width: 1080}, appium:warnings: {}, appium:webStorageEnabled: false, platformName: ANDROID}
Session ID: 1470c576-ef10-4a52-a361-aa7800c61836">
      <![CDATA[org.openqa.selenium.WebDriverException: org.openqa.selenium.WebDriverException: An unknown server-side error occurred while processing the command. Original error: 'POST /element' cannot be proxied to UiAutomator2 server because the instrumentation process is not running (probably crashed). Check the server log and/or the logcat output for more details
Build info: version: '4.16.1', revision: '9b4c83354e'
System info: os.name: 'Mac OS X', os.arch: 'x86_64', os.version: '14.2', java.version: '19.0.1'
Driver info: io.appium.java_client.android.AndroidDriver
Command: [1470c576-ef10-4a52-a361-aa7800c61836, findElement {using=xpath, value=//android.widget.ImageView[@index='3']}]
Capabilities {appium:app: /Users/karishmabarot/Docume..., appium:appActivity: com.g4app.ui.MainActivity, appium:appPackage: com.g4app.dev, appium:autoGrantPermissions: true, appium:automationName: UIAutomator2, appium:databaseEnabled: false, appium:desired: {app: /Users/karishmabarot/Docume..., appActivity: com.g4app.ui.MainActivity, appPackage: com.g4app.dev, autoGrantPermissions: true, automationName: UIAutomator2, deviceName: Moto G31, fullReset: true, platformName: ANDROID, platformVersion: 11}, appium:deviceApiLevel: 30, appium:deviceManufacturer: motorola, appium:deviceModel: moto g31, appium:deviceName: ZD2223KXCX, appium:deviceScreenDensity: 420, appium:deviceScreenSize: 1080x2400, appium:deviceUDID: ZD2223KXCX, appium:fullReset: true, appium:javascriptEnabled: true, appium:locationContextEnabled: false, appium:networkConnectionEnabled: true, appium:pixelRatio: 2.625, appium:platformVersion: 11, appium:statBarHeight: 100, appium:takesScreenshot: true, appium:viewportRect: {height: 2300, left: 0, top: 100, width: 1080}, appium:warnings: {}, appium:webStorageEnabled: false, platformName: ANDROID}
Session ID: 1470c576-ef10-4a52-a361-aa7800c61836
at io.appium.java_client.pagefactory.AppiumElementLocator$WaitingFunction.apply(AppiumElementLocator.java:191)
at io.appium.java_client.pagefactory.AppiumElementLocator$WaitingFunction.apply(AppiumElementLocator.java:164)
at org.openqa.selenium.support.ui.FluentWait.until(FluentWait.java:204)
at io.appium.java_client.pagefactory.AppiumElementLocator.waitFor(AppiumElementLocator.java:98)
at io.appium.java_client.pagefactory.AppiumElementLocator.findElement(AppiumElementLocator.java:118)
at io.appium.java_client.pagefactory.interceptors.InterceptorOfASingleElement.call(InterceptorOfASingleElement.java:54)
at io.appium.java_client.proxy.Interceptor.intercept(Interceptor.java:75)
at org.openqa.selenium.remote.RemoteWebElement$ByteBuddy$dppurtWl.isDisplayed(Unknown Source)
at org.openqa.selenium.support.ui.ExpectedConditions.elementIfVisible(ExpectedConditions.java:304)
at org.openqa.selenium.support.ui.ExpectedConditions$10.apply(ExpectedConditions.java:290)
at org.openqa.selenium.support.ui.ExpectedConditions$10.apply(ExpectedConditions.java:287)
at org.openqa.selenium.support.ui.ExpectedConditions$23.apply(ExpectedConditions.java:656)
at org.openqa.selenium.support.ui.ExpectedConditions$23.apply(ExpectedConditions.java:652)
at org.openqa.selenium.support.ui.FluentWait.until(FluentWait.java:204)
at base.Setup.waitForElementClickAbility(Setup.java:139)
at pageFunctions.PrimeDeviceFunctions.forgetDevice(PrimeDeviceFunctions.java:131)
at testCases.NonBLECommanTCs.testForgetDevice(NonBLECommanTCs.java:95)
at java.base/java.util.ArrayList.forEach(ArrayList.java:1511)
at com.intellij.rt.testng.IDEARemoteTestNG.run(IDEARemoteTestNG.java:66)
at com.intellij.rt.testng.RemoteTestNGStarter.main(RemoteTestNGStarter.java:109)
Caused by: org.openqa.selenium.WebDriverException: An unknown server-side error occurred while processing the command. Original error: 'POST /element' cannot be proxied to UiAutomator2 server because the instrumentation process is not running (probably crashed). Check the server log and/or the logcat output for more details
Build info: version: '4.16.1', revision: '9b4c83354e'
System info: os.name: 'Mac OS X', os.arch: 'x86_64', os.version: '14.2', java.version: '19.0.1'
Driver info: io.appium.java_client.android.AndroidDriver
Command: [1470c576-ef10-4a52-a361-aa7800c61836, findElement {using=xpath, value=//android.widget.ImageView[@index='3']}]
Capabilities {appium:app: /Users/karishmabarot/Docume..., appium:appActivity: com.g4app.ui.MainActivity, appium:appPackage: com.g4app.dev, appium:autoGrantPermissions: true, appium:automationName: UIAutomator2, appium:databaseEnabled: false, appium:desired: {app: /Users/karishmabarot/Docume..., appActivity: com.g4app.ui.MainActivity, appPackage: com.g4app.dev, autoGrantPermissions: true, automationName: UIAutomator2, deviceName: Moto G31, fullReset: true, platformName: ANDROID, platformVersion: 11}, appium:deviceApiLevel: 30, appium:deviceManufacturer: motorola, appium:deviceModel: moto g31, appium:deviceName: ZD2223KXCX, appium:deviceScreenDensity: 420, appium:deviceScreenSize: 1080x2400, appium:deviceUDID: ZD2223KXCX, appium:fullReset: true, appium:javascriptEnabled: true, appium:locationContextEnabled: false, appium:networkConnectionEnabled: true, appium:pixelRatio: 2.625, appium:platformVersion: 11, appium:statBarHeight: 100, appium:takesScreenshot: true, appium:viewportRect: {height: 2300, left: 0, top: 100, width: 1080}, appium:warnings: {}, appium:webStorageEnabled: false, platformName: ANDROID}
Session ID: 1470c576-ef10-4a52-a361-aa7800c61836
at org.openqa.selenium.remote.codec.w3c.W3CHttpResponseCodec.createException(W3CHttpResponseCodec.java:200)
at org.openqa.selenium.remote.codec.w3c.W3CHttpResponseCodec.decode(W3CHttpResponseCodec.java:133)
at org.openqa.selenium.remote.codec.w3c.W3CHttpResponseCodec.decode(W3CHttpResponseCodec.java:52)
at org.openqa.selenium.remote.HttpCommandExecutor.execute(HttpCommandExecutor.java:191)
at io.appium.java_client.remote.AppiumCommandExecutor.execute(AppiumCommandExecutor.java:250)
at org.openqa.selenium.remote.RemoteWebDriver.execute(RemoteWebDriver.java:602)
at org.openqa.selenium.remote.ElementLocation$ElementFinder$2.findElement(ElementLocation.java:165)
at org.openqa.selenium.remote.ElementLocation.findElement(ElementLocation.java:59)
at org.openqa.selenium.remote.RemoteWebDriver.findElement(RemoteWebDriver.java:359)
at org.openqa.selenium.remote.RemoteWebDriver.findElement(RemoteWebDriver.java:353)
at io.appium.java_client.pagefactory.bys.builder.ByChained.lambda$getSearchingFunction$0(ByChained.java:41)
at org.openqa.selenium.support.ui.FluentWait.until(FluentWait.java:204)
at io.appium.java_client.pagefactory.bys.builder.ByChained.findElement(ByChained.java:75)
at org.openqa.selenium.remote.ElementLocation$ElementFinder$1.findElement(ElementLocation.java:139)
at org.openqa.selenium.remote.ElementLocation.findElement(ElementLocation.java:59)
at org.openqa.selenium.remote.RemoteWebDriver.findElement(RemoteWebDriver.java:359)
at org.openqa.selenium.remote.RemoteWebDriver.findElement(RemoteWebDriver.java:353)
at io.appium.java_client.pagefactory.bys.ContentMappedBy.findElement(ContentMappedBy.java:50)
at org.openqa.selenium.remote.ElementLocation$ElementFinder$1.findElement(ElementLocation.java:139)
at org.openqa.selenium.remote.ElementLocation.findElement(ElementLocation.java:59)
at org.openqa.selenium.remote.RemoteWebDriver.findElement(RemoteWebDriver.java:359)
at org.openqa.selenium.remote.RemoteWebDriver.findElement(RemoteWebDriver.java:353)
at io.appium.java_client.pagefactory.AppiumElementLocator.lambda$findElement$0(AppiumElementLocator.java:119)
at io.appium.java_client.pagefactory.AppiumElementLocator$WaitingFunction.apply(AppiumElementLocator.java:171)
... 41 more
... Removed 25 stack frames]]>
    </failure>
  </testcase> <!-- testForgetDevice -->
  <testcase classname="base.Setup" name="@AfterTest tearDown" time="0.0">
    <ignored/>
  </testcase> <!-- @AfterTest tearDown -->
  <testcase classname="base.Setup" name="@BeforeTest startAppiumServer" time="0.0">
    <ignored/>
  </testcase> <!-- @BeforeTest startAppiumServer -->
</testsuite> <!-- Non BLE Flows by Device Name: Theragun Mini -->
