<?xml version="1.0" encoding="UTF-8"?>
<!-- Generated by org.testng.reporters.JUnitXMLReporter -->
<testsuite ignored="4" hostname="Karishma-Barot-TH" failures="0" tests="12" name="WaveSeries" time="453.65" errors="0" timestamp="2024-03-12T10:43:59 IST">
  <testcase classname="testCases.WaveSeriesSoloTCs" name="testPairedDeviceHomePage" time="34.273"/>
  <testcase classname="testCases.WaveSeriesSoloTCs" name="testNavigateToRoutineOverview" time="22.677"/>
  <testcase classname="testCases.WaveSeriesSoloTCs" name="testStretchingStepElement" time="10.498"/>
  <testcase classname="testCases.WaveSeriesSoloTCs" name="testOverViewScreenElements" time="11.651"/>
  <testcase classname="testCases.WaveSeriesSoloTCs" name="testRoutinePlayerBehaviour" time="33.809"/>
  <testcase classname="testCases.WaveSeriesSoloTCs" name="testRoutineStepStretchingBehaviour" time="68.098"/>
  <testcase classname="testCases.WaveSeriesSoloTCs" name="testSkipStretching" time="44.503"/>
  <testcase classname="testCases.WaveSeriesSoloTCs" name="testBreakBetweenSteps" time="73.983"/>
  <testcase classname="testCases.WaveSeriesSoloTCs" name="testFirmwareVersion" time="19.783"/>
  <testcase classname="testCases.AddDeviceTCs" name="testPairDeviceBLon" time="44.721"/>
  <testcase classname="testCases.PrimeDeviceTCs" name="testOpenAndSaveRoutine" time="22.582"/>
  <testcase classname="testCases.PrimeDeviceTCs" name="testForgetDevice" time="37.276"/>
  <testcase classname="base.Setup" name="@AfterTest tearDown" time="0.0">
    <ignored/>
  </testcase> <!-- @AfterTest tearDown -->
  <testcase classname="base.Setup" name="@BeforeTest startAppiumServer" time="0.0">
    <ignored/>
  </testcase> <!-- @BeforeTest startAppiumServer -->
  <testcase classname="base.Setup" name="@AfterTest tearDown" time="0.0">
    <ignored/>
  </testcase> <!-- @AfterTest tearDown -->
  <testcase classname="base.Setup" name="@BeforeTest startAppiumServer" time="0.0">
    <ignored/>
  </testcase> <!-- @BeforeTest startAppiumServer -->
</testsuite> <!-- WaveSeries -->
